<?xml version="1.0" encoding="UTF-8"?>
<!-- Generated by org.testng.reporters.JUnitXMLReporter -->
<testsuite ignored="0" hostname="DESKTOP-SR5ISP2" failures="0" tests="3" name="Default test" time="3.938" errors="0" timestamp="2024-05-14T15:36:48 IST">
  <testcase classname="api.test.SearchTest" name="testSearchExcelData" time="2.722"/>
  <testcase classname="api.test.SearchTest" name="testSearchPdfData" time="0.559"/>
  <testcase classname="api.test.SearchTest" name="testDashboardCount" time="0.518">
    <skipped/>
  </testcase> <!-- testDashboardCount -->
</testsuite> <!-- Default test -->
