<?xml version="1.0" encoding="UTF-8"?>
<testng-results ignored="0" total="54" passed="51" failed="0" skipped="3">
  <reporter-output>
    <line>
      <![CDATA[Login successfull....200]]>
    </line>
    <line>
      <![CDATA[company details....200]]>
    </line>
    <line>
      <![CDATA[Added Employee....200]]>
    </line>
    <line>
      <![CDATA[Added Employee....200]]>
    </line>
    <line>
      <![CDATA[Employee Details....200]]>
    </line>
    <line>
      <![CDATA[Update Employee....200]]>
    </line>
    <line>
      <![CDATA[Delete Employee....200]]>
    </line>
    <line>
      <![CDATA[Search Employee....200]]>
    </line>
    <line>
      <![CDATA[Team Created....200]]>
    </line>
    <line>
      <![CDATA[Team Created....200]]>
    </line>
    <line>
      <![CDATA[Team Details....200]]>
    </line>
    <line>
      <![CDATA[Team Update....200]]>
    </line>
    <line>
      <![CDATA[Team Employees....200]]>
    </line>
    <line>
      <![CDATA[Delete Team Member....200]]>
    </line>
    <line>
      <![CDATA[Team Deleted....200]]>
    </line>
    <line>
      <![CDATA[Project Created....200]]>
    </line>
    <line>
      <![CDATA[Project Created....200]]>
    </line>
    <line>
      <![CDATA[Project Details....200]]>
    </line>
    <line>
      <![CDATA[Project Updated....200]]>
    </line>
    <line>
      <![CDATA[Project Delete....200]]>
    </line>
    <line>
      <![CDATA[upload file....201]]>
    </line>
    <line>
      <![CDATA[upload error file....201]]>
    </line>
    <line>
      <![CDATA[Get files....200]]>
    </line>
    <line>
      <![CDATA[update file....200]]>
    </line>
    <line>
      <![CDATA[excel File downloaded....200]]>
    </line>
    <line>
      <![CDATA[Error File fixed....200]]>
    </line>
    <line>
      <![CDATA[Delete excel files....200]]>
    </line>
    <line>
      <![CDATA[GetFileByFileId....200]]>
    </line>
    <line>
      <![CDATA[Add Phrase....200]]>
    </line>
    <line>
      <![CDATA[Update Phrase....200]]>
    </line>
    <line>
      <![CDATA[Delete Phrase....200]]>
    </line>
    <line>
      <![CDATA[Get Phrase....200]]>
    </line>
    <line>
      <![CDATA[Upload pdf....201]]>
    </line>
    <line>
      <![CDATA[Upload pdf....201]]>
    </line>
    <line>
      <![CDATA[Get Files....200]]>
    </line>
    <line>
      <![CDATA[Delete Pdf....200]]>
    </line>
    <line>
      <![CDATA[Search excel data....200]]>
    </line>
    <line>
      <![CDATA[Search pdf data....200]]>
    </line>
    <line>
      <![CDATA[Dashboard count....200]]>
    </line>
    <line>
      <![CDATA[Excel search history....200]]>
    </line>
    <line>
      <![CDATA[pdf search history....200]]>
    </line>
    <line>
      <![CDATA[community Created....200]]>
    </line>
    <line>
      <![CDATA[community Search....200]]>
    </line>
    <line>
      <![CDATA[Create request....200]]>
    </line>
    <line>
      <![CDATA[AdminLogin successfull....200]]>
    </line>
    <line>
      <![CDATA[Admin Dashboard Count ....200]]>
    </line>
    <line>
      <![CDATA[list of About to expire companies....200]]>
    </line>
    <line>
      <![CDATA[list of expired companies....200]]>
    </line>
    <line>
      <![CDATA[Admin Create Company....200]]>
    </line>
    <line>
      <![CDATA[Admin Search Company....200]]>
    </line>
    <line>
      <![CDATA[Admin Update Company....200]]>
    </line>
    <line>
      <![CDATA[Admin Disable Company....200]]>
    </line>
    <line>
      <![CDATA[View request....200]]>
    </line>
  </reporter-output>
  <suite started-at="2024-06-09T21:24:34 IST" name="Suite" finished-at="2024-06-09T21:25:13 IST" duration-ms="39413">
    <groups>
    </groups>
    <test started-at="2024-06-09T21:24:34 IST" name="Test" finished-at="2024-06-09T21:25:08 IST" duration-ms="33898">
      <class name="api.test.ProjectTest">
        <test-method is-config="true" signature="setupData()[pri:0, instance:api.test.ProjectTest@2bd08376]" started-at="2024-06-09T21:24:48 IST" name="setupData" finished-at="2024-06-09T21:24:48 IST" duration-ms="16" status="PASS">
          <reporter-output>
          </reporter-output>
        </test-method> <!-- setupData -->
        <test-method signature="TestCreateProject()[pri:1, instance:api.test.ProjectTest@2bd08376]" started-at="2024-06-09T21:24:48 IST" name="TestCreateProject" finished-at="2024-06-09T21:24:48 IST" duration-ms="705" status="PASS">
          <reporter-output>
            <line>
              <![CDATA[Project Created....200]]>
            </line>
          </reporter-output>
        </test-method> <!-- TestCreateProject -->
        <test-method signature="TestCreateProject()[pri:1, instance:api.test.ProjectTest@2bd08376]" started-at="2024-06-09T21:24:48 IST" name="TestCreateProject" finished-at="2024-06-09T21:24:49 IST" duration-ms="677" status="PASS">
          <reporter-output>
            <line>
              <![CDATA[Project Created....200]]>
            </line>
          </reporter-output>
        </test-method> <!-- TestCreateProject -->
        <test-method signature="TestProjectDetails()[pri:2, instance:api.test.ProjectTest@2bd08376]" started-at="2024-06-09T21:24:49 IST" name="TestProjectDetails" finished-at="2024-06-09T21:24:50 IST" duration-ms="606" status="PASS">
          <reporter-output>
            <line>
              <![CDATA[Project Details....200]]>
            </line>
          </reporter-output>
        </test-method> <!-- TestProjectDetails -->
        <test-method signature="TestProjectUpdate()[pri:3, instance:api.test.ProjectTest@2bd08376]" started-at="2024-06-09T21:24:50 IST" name="TestProjectUpdate" finished-at="2024-06-09T21:24:50 IST" duration-ms="681" status="PASS">
          <reporter-output>
            <line>
              <![CDATA[Project Updated....200]]>
            </line>
          </reporter-output>
        </test-method> <!-- TestProjectUpdate -->
        <test-method signature="TestProjectDelete()[pri:4, instance:api.test.ProjectTest@2bd08376]" started-at="2024-06-09T21:24:50 IST" name="TestProjectDelete" finished-at="2024-06-09T21:24:51 IST" duration-ms="651" status="PASS">
          <reporter-output>
            <line>
              <![CDATA[Project Delete....200]]>
            </line>
          </reporter-output>
        </test-method> <!-- TestProjectDelete -->
      </class> <!-- api.test.ProjectTest -->
      <class name="api.test.LoginTest">
        <test-method is-config="true" signature="setupData()[pri:0, instance:api.test.LoginTest@524f3b3a]" started-at="2024-06-09T21:24:34 IST" name="setupData" finished-at="2024-06-09T21:24:34 IST" duration-ms="11" status="PASS">
          <reporter-output>
          </reporter-output>
        </test-method> <!-- setupData -->
        <test-method signature="testLogin()[pri:1, instance:api.test.LoginTest@524f3b3a]" started-at="2024-06-09T21:24:34 IST" name="testLogin" finished-at="2024-06-09T21:24:36 IST" duration-ms="2319" status="PASS">
          <reporter-output>
            <line>
              <![CDATA[Login successfull....200]]>
            </line>
          </reporter-output>
        </test-method> <!-- testLogin -->
        <test-method signature="companyDetails()[pri:2, instance:api.test.LoginTest@524f3b3a]" started-at="2024-06-09T21:24:36 IST" name="companyDetails" finished-at="2024-06-09T21:24:37 IST" duration-ms="633" status="PASS">
          <reporter-output>
            <line>
              <![CDATA[company details....200]]>
            </line>
          </reporter-output>
        </test-method> <!-- companyDetails -->
      </class> <!-- api.test.LoginTest -->
      <class name="api.test.CommunityTest">
        <test-method is-config="true" signature="setupData()[pri:0, instance:api.test.CommunityTest@42b02722]" started-at="2024-06-09T21:25:05 IST" name="setupData" finished-at="2024-06-09T21:25:05 IST" duration-ms="8" status="PASS">
          <reporter-output>
          </reporter-output>
        </test-method> <!-- setupData -->
        <test-method signature="TestCreateCommunity()[pri:1, instance:api.test.CommunityTest@42b02722]" started-at="2024-06-09T21:25:05 IST" name="TestCreateCommunity" finished-at="2024-06-09T21:25:06 IST" duration-ms="825" status="PASS">
          <reporter-output>
            <line>
              <![CDATA[community Created....200]]>
            </line>
          </reporter-output>
        </test-method> <!-- TestCreateCommunity -->
        <test-method signature="TestSearchCommunity()[pri:2, instance:api.test.CommunityTest@42b02722]" started-at="2024-06-09T21:25:06 IST" name="TestSearchCommunity" finished-at="2024-06-09T21:25:07 IST" duration-ms="657" status="PASS">
          <reporter-output>
            <line>
              <![CDATA[community Search....200]]>
            </line>
          </reporter-output>
        </test-method> <!-- TestSearchCommunity -->
        <test-method signature="TestCreateRequest()[pri:3, instance:api.test.CommunityTest@42b02722]" started-at="2024-06-09T21:25:07 IST" name="TestCreateRequest" finished-at="2024-06-09T21:25:08 IST" duration-ms="548" status="PASS">
          <reporter-output>
            <line>
              <![CDATA[Create request....200]]>
            </line>
          </reporter-output>
        </test-method> <!-- TestCreateRequest -->
      </class> <!-- api.test.CommunityTest -->
      <class name="api.test.TeamTest">
        <test-method is-config="true" signature="setupData()[pri:0, instance:api.test.TeamTest@50d13246]" started-at="2024-06-09T21:24:43 IST" name="setupData" finished-at="2024-06-09T21:24:43 IST" duration-ms="17" status="PASS">
          <reporter-output>
          </reporter-output>
        </test-method> <!-- setupData -->
        <test-method signature="TestCreateTeam()[pri:1, instance:api.test.TeamTest@50d13246]" started-at="2024-06-09T21:24:43 IST" name="TestCreateTeam" finished-at="2024-06-09T21:24:44 IST" duration-ms="615" status="PASS">
          <reporter-output>
            <line>
              <![CDATA[Team Created....200]]>
            </line>
          </reporter-output>
        </test-method> <!-- TestCreateTeam -->
        <test-method signature="TestCreateTeam()[pri:1, instance:api.test.TeamTest@50d13246]" started-at="2024-06-09T21:24:44 IST" name="TestCreateTeam" finished-at="2024-06-09T21:24:45 IST" duration-ms="650" status="PASS">
          <reporter-output>
            <line>
              <![CDATA[Team Created....200]]>
            </line>
          </reporter-output>
        </test-method> <!-- TestCreateTeam -->
        <test-method signature="TestTeamDetails()[pri:2, instance:api.test.TeamTest@50d13246]" started-at="2024-06-09T21:24:45 IST" name="TestTeamDetails" finished-at="2024-06-09T21:24:45 IST" duration-ms="588" status="PASS">
          <reporter-output>
            <line>
              <![CDATA[Team Details....200]]>
            </line>
          </reporter-output>
        </test-method> <!-- TestTeamDetails -->
        <test-method signature="TestTeamUpdate()[pri:3, instance:api.test.TeamTest@50d13246]" started-at="2024-06-09T21:24:45 IST" name="TestTeamUpdate" finished-at="2024-06-09T21:24:46 IST" duration-ms="628" status="PASS">
          <reporter-output>
            <line>
              <![CDATA[Team Update....200]]>
            </line>
          </reporter-output>
        </test-method> <!-- TestTeamUpdate -->
        <test-method signature="TestTeamEmployees()[pri:4, instance:api.test.TeamTest@50d13246]" started-at="2024-06-09T21:24:46 IST" name="TestTeamEmployees" finished-at="2024-06-09T21:24:47 IST" duration-ms="624" status="PASS">
          <reporter-output>
            <line>
              <![CDATA[Team Employees....200]]>
            </line>
          </reporter-output>
        </test-method> <!-- TestTeamEmployees -->
        <test-method signature="TestDeleteTeamMember()[pri:5, instance:api.test.TeamTest@50d13246]" started-at="2024-06-09T21:24:47 IST" name="TestDeleteTeamMember" finished-at="2024-06-09T21:24:47 IST" duration-ms="587" status="PASS">
          <reporter-output>
            <line>
              <![CDATA[Delete Team Member....200]]>
            </line>
          </reporter-output>
        </test-method> <!-- TestDeleteTeamMember -->
        <test-method signature="TestTeamDelete()[pri:6, instance:api.test.TeamTest@50d13246]" started-at="2024-06-09T21:24:47 IST" name="TestTeamDelete" finished-at="2024-06-09T21:24:48 IST" duration-ms="591" status="PASS">
          <reporter-output>
            <line>
              <![CDATA[Team Deleted....200]]>
            </line>
          </reporter-output>
        </test-method> <!-- TestTeamDelete -->
      </class> <!-- api.test.TeamTest -->
      <class name="api.test.PhraseTest">
        <test-method is-config="true" signature="setupData()[pri:0, instance:api.test.PhraseTest@3d3e5463]" started-at="2024-06-09T21:24:56 IST" name="setupData" finished-at="2024-06-09T21:24:56 IST" duration-ms="1" status="PASS">
          <reporter-output>
          </reporter-output>
        </test-method> <!-- setupData -->
        <test-method signature="testAddPhrase()[pri:1, instance:api.test.PhraseTest@3d3e5463]" started-at="2024-06-09T21:24:56 IST" name="testAddPhrase" finished-at="2024-06-09T21:24:56 IST" duration-ms="552" status="PASS">
          <reporter-output>
            <line>
              <![CDATA[Add Phrase....200]]>
            </line>
          </reporter-output>
        </test-method> <!-- testAddPhrase -->
        <test-method signature="testUpdatePhrase()[pri:2, instance:api.test.PhraseTest@3d3e5463]" started-at="2024-06-09T21:24:56 IST" name="testUpdatePhrase" finished-at="2024-06-09T21:24:57 IST" duration-ms="567" status="PASS">
          <reporter-output>
            <line>
              <![CDATA[Update Phrase....200]]>
            </line>
          </reporter-output>
        </test-method> <!-- testUpdatePhrase -->
        <test-method signature="testDeletePhrase()[pri:3, instance:api.test.PhraseTest@3d3e5463]" started-at="2024-06-09T21:24:57 IST" name="testDeletePhrase" finished-at="2024-06-09T21:24:57 IST" duration-ms="534" status="PASS">
          <reporter-output>
            <line>
              <![CDATA[Delete Phrase....200]]>
            </line>
          </reporter-output>
        </test-method> <!-- testDeletePhrase -->
        <test-method signature="testGetPhrase()[pri:4, instance:api.test.PhraseTest@3d3e5463]" started-at="2024-06-09T21:24:57 IST" name="testGetPhrase" finished-at="2024-06-09T21:24:58 IST" duration-ms="809" status="PASS">
          <reporter-output>
            <line>
              <![CDATA[Get Phrase....200]]>
            </line>
          </reporter-output>
        </test-method> <!-- testGetPhrase -->
      </class> <!-- api.test.PhraseTest -->
      <class name="api.test.EmployeeTest">
        <test-method is-config="true" signature="setupData()[pri:0, instance:api.test.EmployeeTest@7331196b]" started-at="2024-06-09T21:24:37 IST" name="setupData" finished-at="2024-06-09T21:24:37 IST" duration-ms="111" status="PASS">
          <reporter-output>
          </reporter-output>
        </test-method> <!-- setupData -->
        <test-method signature="testAddEmployee()[pri:1, instance:api.test.EmployeeTest@7331196b]" started-at="2024-06-09T21:24:37 IST" name="testAddEmployee" finished-at="2024-06-09T21:24:39 IST" duration-ms="2376" status="PASS">
          <reporter-output>
            <line>
              <![CDATA[Added Employee....200]]>
            </line>
          </reporter-output>
        </test-method> <!-- testAddEmployee -->
        <test-method signature="testAddEmployee()[pri:1, instance:api.test.EmployeeTest@7331196b]" started-at="2024-06-09T21:24:39 IST" name="testAddEmployee" finished-at="2024-06-09T21:24:41 IST" duration-ms="1864" status="PASS">
          <reporter-output>
            <line>
              <![CDATA[Added Employee....200]]>
            </line>
          </reporter-output>
        </test-method> <!-- testAddEmployee -->
        <test-method signature="testEmployeeDetails()[pri:2, instance:api.test.EmployeeTest@7331196b]" started-at="2024-06-09T21:24:41 IST" name="testEmployeeDetails" finished-at="2024-06-09T21:24:42 IST" duration-ms="573" status="PASS">
          <reporter-output>
            <line>
              <![CDATA[Employee Details....200]]>
            </line>
          </reporter-output>
        </test-method> <!-- testEmployeeDetails -->
        <test-method signature="TestUpdateEmployee()[pri:3, instance:api.test.EmployeeTest@7331196b]" started-at="2024-06-09T21:24:42 IST" name="TestUpdateEmployee" finished-at="2024-06-09T21:24:42 IST" duration-ms="649" status="PASS">
          <reporter-output>
            <line>
              <![CDATA[Update Employee....200]]>
            </line>
          </reporter-output>
        </test-method> <!-- TestUpdateEmployee -->
        <test-method signature="TestDeleteEmployee()[pri:4, instance:api.test.EmployeeTest@7331196b]" started-at="2024-06-09T21:24:42 IST" name="TestDeleteEmployee" finished-at="2024-06-09T21:24:43 IST" duration-ms="598" status="PASS">
          <reporter-output>
            <line>
              <![CDATA[Delete Employee....200]]>
            </line>
          </reporter-output>
        </test-method> <!-- TestDeleteEmployee -->
        <test-method signature="TestSearchEmployee()[pri:5, instance:api.test.EmployeeTest@7331196b]" started-at="2024-06-09T21:24:43 IST" name="TestSearchEmployee" finished-at="2024-06-09T21:24:43 IST" duration-ms="596" status="PASS">
          <reporter-output>
            <line>
              <![CDATA[Search Employee....200]]>
            </line>
          </reporter-output>
        </test-method> <!-- TestSearchEmployee -->
      </class> <!-- api.test.EmployeeTest -->
      <class name="api.test.SearchTest">
        <test-method is-config="true" signature="setupData()[pri:0, instance:api.test.SearchTest@4b40f651]" started-at="2024-06-09T21:25:03 IST" name="setupData" finished-at="2024-06-09T21:25:03 IST" duration-ms="1" status="PASS">
          <reporter-output>
          </reporter-output>
        </test-method> <!-- setupData -->
        <test-method signature="testSearchExcelData()[pri:1, instance:api.test.SearchTest@4b40f651]" started-at="2024-06-09T21:25:03 IST" name="testSearchExcelData" finished-at="2024-06-09T21:25:03 IST" duration-ms="600" status="PASS">
          <reporter-output>
            <line>
              <![CDATA[Search excel data....200]]>
            </line>
          </reporter-output>
        </test-method> <!-- testSearchExcelData -->
        <test-method signature="testSearchPdfData()[pri:2, instance:api.test.SearchTest@4b40f651]" started-at="2024-06-09T21:25:03 IST" name="testSearchPdfData" finished-at="2024-06-09T21:25:04 IST" duration-ms="538" status="PASS">
          <reporter-output>
            <line>
              <![CDATA[Search pdf data....200]]>
            </line>
          </reporter-output>
        </test-method> <!-- testSearchPdfData -->
        <test-method signature="testDashboardCount()[pri:3, instance:api.test.SearchTest@4b40f651]" started-at="2024-06-09T21:25:04 IST" name="testDashboardCount" finished-at="2024-06-09T21:25:04 IST" duration-ms="576" status="SKIP">
          <exception class="org.testng.SkipException">
            <message>
              <![CDATA[Skip dashboard]]>
            </message>
            <full-stacktrace>
              <![CDATA[org.testng.SkipException: Skip dashboard
at api.test.SearchTest.testDashboardCount(SearchTest.java:95)
at java.base/jdk.internal.reflect.NativeMethodAccessorImpl.invoke0(Native Method)
at java.base/jdk.internal.reflect.NativeMethodAccessorImpl.invoke(NativeMethodAccessorImpl.java:77)
at java.base/jdk.internal.reflect.DelegatingMethodAccessorImpl.invoke(DelegatingMethodAccessorImpl.java:43)
at java.base/java.lang.reflect.Method.invoke(Method.java:568)
at org.testng.internal.MethodInvocationHelper.invokeMethod(MethodInvocationHelper.java:133)
at org.testng.internal.TestInvoker.invokeMethod(TestInvoker.java:598)
at org.testng.internal.TestInvoker.invokeTestMethod(TestInvoker.java:173)
at org.testng.internal.MethodRunner.runInSequence(MethodRunner.java:46)
at org.testng.internal.TestInvoker$MethodInvocationAgent.invoke(TestInvoker.java:824)
at org.testng.internal.TestInvoker.invokeTestMethods(TestInvoker.java:146)
at org.testng.internal.TestMethodWorker.invokeTestMethods(TestMethodWorker.java:146)
at org.testng.internal.TestMethodWorker.run(TestMethodWorker.java:128)
at java.base/java.util.ArrayList.forEach(ArrayList.java:1511)
at org.testng.TestRunner.privateRun(TestRunner.java:794)
at org.testng.TestRunner.run(TestRunner.java:596)
at org.testng.SuiteRunner.runTest(SuiteRunner.java:377)
at org.testng.SuiteRunner.runSequentially(SuiteRunner.java:371)
at org.testng.SuiteRunner.privateRun(SuiteRunner.java:332)
at org.testng.SuiteRunner.run(SuiteRunner.java:276)
at org.testng.SuiteRunnerWorker.runSuite(SuiteRunnerWorker.java:53)
at org.testng.SuiteRunnerWorker.run(SuiteRunnerWorker.java:96)
at org.testng.TestNG.runSuitesSequentially(TestNG.java:1212)
at org.testng.TestNG.runSuitesLocally(TestNG.java:1134)
at org.testng.TestNG.runSuites(TestNG.java:1063)
at org.testng.TestNG.run(TestNG.java:1031)
at org.testng.remote.AbstractRemoteTestNG.run(AbstractRemoteTestNG.java:115)
at org.testng.remote.RemoteTestNG.initAndRun(RemoteTestNG.java:293)
at org.testng.remote.RemoteTestNG.main(RemoteTestNG.java:91)
]]>
            </full-stacktrace>
          </exception> <!-- org.testng.SkipException -->
          <reporter-output>
            <line>
              <![CDATA[Dashboard count....200]]>
            </line>
          </reporter-output>
        </test-method> <!-- testDashboardCount -->
        <test-method signature="testExcelHistory()[pri:4, instance:api.test.SearchTest@4b40f651]" started-at="2024-06-09T21:25:04 IST" name="testExcelHistory" finished-at="2024-06-09T21:25:05 IST" duration-ms="605" status="PASS">
          <reporter-output>
            <line>
              <![CDATA[Excel search history....200]]>
            </line>
          </reporter-output>
        </test-method> <!-- testExcelHistory -->
        <test-method signature="testpdfHistory()[pri:5, instance:api.test.SearchTest@4b40f651]" started-at="2024-06-09T21:25:05 IST" name="testpdfHistory" finished-at="2024-06-09T21:25:05 IST" duration-ms="561" status="PASS">
          <reporter-output>
            <line>
              <![CDATA[pdf search history....200]]>
            </line>
          </reporter-output>
        </test-method> <!-- testpdfHistory -->
      </class> <!-- api.test.SearchTest -->
      <class name="api.test.UploadFileTest">
        <test-method is-config="true" signature="setupData()[pri:0, instance:api.test.UploadFileTest@e70f13a]" started-at="2024-06-09T21:24:51 IST" name="setupData" finished-at="2024-06-09T21:24:51 IST" duration-ms="1" status="PASS">
          <reporter-output>
          </reporter-output>
        </test-method> <!-- setupData -->
        <test-method signature="testUploadfile()[pri:1, instance:api.test.UploadFileTest@e70f13a]" started-at="2024-06-09T21:24:51 IST" name="testUploadfile" finished-at="2024-06-09T21:24:52 IST" duration-ms="641" status="PASS">
          <reporter-output>
            <line>
              <![CDATA[upload file....201]]>
            </line>
          </reporter-output>
        </test-method> <!-- testUploadfile -->
        <test-method signature="testUploadErrorfile()[pri:2, instance:api.test.UploadFileTest@e70f13a]" started-at="2024-06-09T21:24:52 IST" name="testUploadErrorfile" finished-at="2024-06-09T21:24:52 IST" duration-ms="628" status="PASS">
          <reporter-output>
            <line>
              <![CDATA[upload error file....201]]>
            </line>
          </reporter-output>
        </test-method> <!-- testUploadErrorfile -->
        <test-method signature="Getfiles()[pri:3, instance:api.test.UploadFileTest@e70f13a]" started-at="2024-06-09T21:24:52 IST" name="Getfiles" finished-at="2024-06-09T21:24:53 IST" duration-ms="546" status="PASS">
          <reporter-output>
            <line>
              <![CDATA[Get files....200]]>
            </line>
          </reporter-output>
        </test-method> <!-- Getfiles -->
        <test-method signature="Updatefile()[pri:4, instance:api.test.UploadFileTest@e70f13a]" started-at="2024-06-09T21:24:53 IST" name="Updatefile" finished-at="2024-06-09T21:24:53 IST" duration-ms="583" status="PASS">
          <reporter-output>
            <line>
              <![CDATA[update file....200]]>
            </line>
          </reporter-output>
        </test-method> <!-- Updatefile -->
        <test-method signature="TestDownloadExcelfile()[pri:5, instance:api.test.UploadFileTest@e70f13a]" started-at="2024-06-09T21:24:53 IST" name="TestDownloadExcelfile" finished-at="2024-06-09T21:24:54 IST" duration-ms="564" status="SKIP">
          <exception class="org.testng.SkipException">
            <message>
              <![CDATA[Skip excel Download]]>
            </message>
            <full-stacktrace>
              <![CDATA[org.testng.SkipException: Skip excel Download
at api.test.UploadFileTest.TestDownloadExcelfile(UploadFileTest.java:190)
at java.base/jdk.internal.reflect.NativeMethodAccessorImpl.invoke0(Native Method)
at java.base/jdk.internal.reflect.NativeMethodAccessorImpl.invoke(NativeMethodAccessorImpl.java:77)
at java.base/jdk.internal.reflect.DelegatingMethodAccessorImpl.invoke(DelegatingMethodAccessorImpl.java:43)
at java.base/java.lang.reflect.Method.invoke(Method.java:568)
at org.testng.internal.MethodInvocationHelper.invokeMethod(MethodInvocationHelper.java:133)
at org.testng.internal.TestInvoker.invokeMethod(TestInvoker.java:598)
at org.testng.internal.TestInvoker.invokeTestMethod(TestInvoker.java:173)
at org.testng.internal.MethodRunner.runInSequence(MethodRunner.java:46)
at org.testng.internal.TestInvoker$MethodInvocationAgent.invoke(TestInvoker.java:824)
at org.testng.internal.TestInvoker.invokeTestMethods(TestInvoker.java:146)
at org.testng.internal.TestMethodWorker.invokeTestMethods(TestMethodWorker.java:146)
at org.testng.internal.TestMethodWorker.run(TestMethodWorker.java:128)
at java.base/java.util.ArrayList.forEach(ArrayList.java:1511)
at org.testng.TestRunner.privateRun(TestRunner.java:794)
at org.testng.TestRunner.run(TestRunner.java:596)
at org.testng.SuiteRunner.runTest(SuiteRunner.java:377)
at org.testng.SuiteRunner.runSequentially(SuiteRunner.java:371)
at org.testng.SuiteRunner.privateRun(SuiteRunner.java:332)
at org.testng.SuiteRunner.run(SuiteRunner.java:276)
at org.testng.SuiteRunnerWorker.runSuite(SuiteRunnerWorker.java:53)
at org.testng.SuiteRunnerWorker.run(SuiteRunnerWorker.java:96)
at org.testng.TestNG.runSuitesSequentially(TestNG.java:1212)
at org.testng.TestNG.runSuitesLocally(TestNG.java:1134)
at org.testng.TestNG.runSuites(TestNG.java:1063)
at org.testng.TestNG.run(TestNG.java:1031)
at org.testng.remote.AbstractRemoteTestNG.run(AbstractRemoteTestNG.java:115)
at org.testng.remote.RemoteTestNG.initAndRun(RemoteTestNG.java:293)
at org.testng.remote.RemoteTestNG.main(RemoteTestNG.java:91)
]]>
            </full-stacktrace>
          </exception> <!-- org.testng.SkipException -->
          <reporter-output>
            <line>
              <![CDATA[excel File downloaded....200]]>
            </line>
          </reporter-output>
        </test-method> <!-- TestDownloadExcelfile -->
        <test-method signature="testErrorfilefix()[pri:6, instance:api.test.UploadFileTest@e70f13a]" started-at="2024-06-09T21:24:54 IST" name="testErrorfilefix" finished-at="2024-06-09T21:24:55 IST" duration-ms="592" status="PASS">
          <reporter-output>
            <line>
              <![CDATA[Error File fixed....200]]>
            </line>
          </reporter-output>
        </test-method> <!-- testErrorfilefix -->
        <test-method signature="Deletefile()[pri:7, instance:api.test.UploadFileTest@e70f13a]" started-at="2024-06-09T21:24:55 IST" name="Deletefile" finished-at="2024-06-09T21:24:55 IST" duration-ms="488" status="PASS">
          <reporter-output>
            <line>
              <![CDATA[Delete excel files....200]]>
            </line>
          </reporter-output>
        </test-method> <!-- Deletefile -->
        <test-method signature="GetFileByFileId()[pri:8, instance:api.test.UploadFileTest@e70f13a]" started-at="2024-06-09T21:24:55 IST" name="GetFileByFileId" finished-at="2024-06-09T21:24:56 IST" duration-ms="569" status="PASS">
          <reporter-output>
            <line>
              <![CDATA[GetFileByFileId....200]]>
            </line>
          </reporter-output>
        </test-method> <!-- GetFileByFileId -->
      </class> <!-- api.test.UploadFileTest -->
      <class name="api.test.PdfTest">
        <test-method is-config="true" signature="setupData()[pri:0, instance:api.test.PdfTest@64a40280]" started-at="2024-06-09T21:24:58 IST" name="setupData" finished-at="2024-06-09T21:24:58 IST" duration-ms="1" status="PASS">
          <reporter-output>
          </reporter-output>
        </test-method> <!-- setupData -->
        <test-method signature="testUploadpdf()[pri:1, instance:api.test.PdfTest@64a40280]" started-at="2024-06-09T21:24:58 IST" name="testUploadpdf" finished-at="2024-06-09T21:24:59 IST" duration-ms="1197" status="PASS">
          <reporter-output>
            <line>
              <![CDATA[Upload pdf....201]]>
            </line>
          </reporter-output>
        </test-method> <!-- testUploadpdf -->
        <test-method signature="testUploadpdf()[pri:1, instance:api.test.PdfTest@64a40280]" started-at="2024-06-09T21:24:59 IST" name="testUploadpdf" finished-at="2024-06-09T21:25:00 IST" duration-ms="1061" status="PASS">
          <reporter-output>
            <line>
              <![CDATA[Upload pdf....201]]>
            </line>
          </reporter-output>
        </test-method> <!-- testUploadpdf -->
        <test-method signature="Getfiles()[pri:2, instance:api.test.PdfTest@64a40280]" started-at="2024-06-09T21:25:00 IST" name="Getfiles" finished-at="2024-06-09T21:25:01 IST" duration-ms="503" status="PASS">
          <reporter-output>
            <line>
              <![CDATA[Get Files....200]]>
            </line>
          </reporter-output>
        </test-method> <!-- Getfiles -->
        <test-method signature="DeletePdf()[pri:3, instance:api.test.PdfTest@64a40280]" started-at="2024-06-09T21:25:01 IST" name="DeletePdf" finished-at="2024-06-09T21:25:02 IST" duration-ms="554" status="PASS">
          <reporter-output>
            <line>
              <![CDATA[Delete Pdf....200]]>
            </line>
          </reporter-output>
        </test-method> <!-- DeletePdf -->
        <test-method signature="TestDownloadPdffile()[pri:4, instance:api.test.PdfTest@64a40280]" started-at="2024-06-09T21:25:02 IST" name="TestDownloadPdffile" finished-at="2024-06-09T21:25:03 IST" duration-ms="1062" status="SKIP">
          <exception class="org.testng.SkipException">
            <message>
              <![CDATA[Skip Pdf Download]]>
            </message>
            <full-stacktrace>
              <![CDATA[org.testng.SkipException: Skip Pdf Download
at api.test.PdfTest.TestDownloadPdffile(PdfTest.java:124)
at java.base/jdk.internal.reflect.NativeMethodAccessorImpl.invoke0(Native Method)
at java.base/jdk.internal.reflect.NativeMethodAccessorImpl.invoke(NativeMethodAccessorImpl.java:77)
at java.base/jdk.internal.reflect.DelegatingMethodAccessorImpl.invoke(DelegatingMethodAccessorImpl.java:43)
at java.base/java.lang.reflect.Method.invoke(Method.java:568)
at org.testng.internal.MethodInvocationHelper.invokeMethod(MethodInvocationHelper.java:133)
at org.testng.internal.TestInvoker.invokeMethod(TestInvoker.java:598)
at org.testng.internal.TestInvoker.invokeTestMethod(TestInvoker.java:173)
at org.testng.internal.MethodRunner.runInSequence(MethodRunner.java:46)
at org.testng.internal.TestInvoker$MethodInvocationAgent.invoke(TestInvoker.java:824)
at org.testng.internal.TestInvoker.invokeTestMethods(TestInvoker.java:146)
at org.testng.internal.TestMethodWorker.invokeTestMethods(TestMethodWorker.java:146)
at org.testng.internal.TestMethodWorker.run(TestMethodWorker.java:128)
at java.base/java.util.ArrayList.forEach(ArrayList.java:1511)
at org.testng.TestRunner.privateRun(TestRunner.java:794)
at org.testng.TestRunner.run(TestRunner.java:596)
at org.testng.SuiteRunner.runTest(SuiteRunner.java:377)
at org.testng.SuiteRunner.runSequentially(SuiteRunner.java:371)
at org.testng.SuiteRunner.privateRun(SuiteRunner.java:332)
at org.testng.SuiteRunner.run(SuiteRunner.java:276)
at org.testng.SuiteRunnerWorker.runSuite(SuiteRunnerWorker.java:53)
at org.testng.SuiteRunnerWorker.run(SuiteRunnerWorker.java:96)
at org.testng.TestNG.runSuitesSequentially(TestNG.java:1212)
at org.testng.TestNG.runSuitesLocally(TestNG.java:1134)
at org.testng.TestNG.runSuites(TestNG.java:1063)
at org.testng.TestNG.run(TestNG.java:1031)
at org.testng.remote.AbstractRemoteTestNG.run(AbstractRemoteTestNG.java:115)
at org.testng.remote.RemoteTestNG.initAndRun(RemoteTestNG.java:293)
at org.testng.remote.RemoteTestNG.main(RemoteTestNG.java:91)
]]>
            </full-stacktrace>
          </exception> <!-- org.testng.SkipException -->
          <reporter-output>
          </reporter-output>
        </test-method> <!-- TestDownloadPdffile -->
      </class> <!-- api.test.PdfTest -->
    </test> <!-- Test -->
    <test started-at="2024-06-09T21:25:08 IST" name="Adminportal" finished-at="2024-06-09T21:25:13 IST" duration-ms="5482">
      <class name="api.test.AdminCompanyTest">
        <test-method is-config="true" signature="setupData()[pri:0, instance:api.test.AdminCompanyTest@6ed3f258]" started-at="2024-06-09T21:25:10 IST" name="setupData" finished-at="2024-06-09T21:25:10 IST" duration-ms="28" status="PASS">
          <reporter-output>
          </reporter-output>
        </test-method> <!-- setupData -->
        <test-method signature="AdminCreateCompany()[pri:1, instance:api.test.AdminCompanyTest@6ed3f258]" started-at="2024-06-09T21:25:10 IST" name="AdminCreateCompany" finished-at="2024-06-09T21:25:11 IST" duration-ms="768" status="PASS">
          <reporter-output>
            <line>
              <![CDATA[Admin Create Company....200]]>
            </line>
          </reporter-output>
        </test-method> <!-- AdminCreateCompany -->
        <test-method signature="AdminSearchCompany()[pri:2, instance:api.test.AdminCompanyTest@6ed3f258]" started-at="2024-06-09T21:25:11 IST" name="AdminSearchCompany" finished-at="2024-06-09T21:25:11 IST" duration-ms="569" status="PASS">
          <reporter-output>
            <line>
              <![CDATA[Admin Search Company....200]]>
            </line>
          </reporter-output>
        </test-method> <!-- AdminSearchCompany -->
        <test-method signature="AdminUpdateCompany()[pri:3, instance:api.test.AdminCompanyTest@6ed3f258]" started-at="2024-06-09T21:25:11 IST" name="AdminUpdateCompany" finished-at="2024-06-09T21:25:12 IST" duration-ms="560" status="PASS">
          <reporter-output>
            <line>
              <![CDATA[Admin Update Company....200]]>
            </line>
          </reporter-output>
        </test-method> <!-- AdminUpdateCompany -->
        <test-method signature="AdminDisableCompany()[pri:4, instance:api.test.AdminCompanyTest@6ed3f258]" started-at="2024-06-09T21:25:12 IST" name="AdminDisableCompany" finished-at="2024-06-09T21:25:12 IST" duration-ms="601" status="PASS">
          <reporter-output>
            <line>
              <![CDATA[Admin Disable Company....200]]>
            </line>
          </reporter-output>
        </test-method> <!-- AdminDisableCompany -->
      </class> <!-- api.test.AdminCompanyTest -->
      <class name="api.test.AdminTest">
        <test-method is-config="true" signature="setupData()[pri:0, instance:api.test.AdminTest@2631f68c]" started-at="2024-06-09T21:25:08 IST" name="setupData" finished-at="2024-06-09T21:25:08 IST" duration-ms="0" status="PASS">
          <reporter-output>
          </reporter-output>
        </test-method> <!-- setupData -->
        <test-method signature="TestAdminLogin()[pri:1, instance:api.test.AdminTest@2631f68c]" started-at="2024-06-09T21:25:08 IST" name="TestAdminLogin" finished-at="2024-06-09T21:25:08 IST" duration-ms="618" status="PASS">
          <reporter-output>
            <line>
              <![CDATA[AdminLogin successfull....200]]>
            </line>
          </reporter-output>
        </test-method> <!-- TestAdminLogin -->
        <test-method signature="TestAdminDashboard()[pri:2, instance:api.test.AdminTest@2631f68c]" started-at="2024-06-09T21:25:08 IST" name="TestAdminDashboard" finished-at="2024-06-09T21:25:09 IST" duration-ms="594" status="PASS">
          <reporter-output>
            <line>
              <![CDATA[Admin Dashboard Count ....200]]>
            </line>
          </reporter-output>
        </test-method> <!-- TestAdminDashboard -->
        <test-method signature="TestAboutToExpirecompanies()[pri:3, instance:api.test.AdminTest@2631f68c]" started-at="2024-06-09T21:25:09 IST" name="TestAboutToExpirecompanies" finished-at="2024-06-09T21:25:09 IST" duration-ms="559" status="PASS">
          <reporter-output>
            <line>
              <![CDATA[list of About to expire companies....200]]>
            </line>
          </reporter-output>
        </test-method> <!-- TestAboutToExpirecompanies -->
        <test-method signature="TestExpiredcompanies()[pri:4, instance:api.test.AdminTest@2631f68c]" started-at="2024-06-09T21:25:09 IST" name="TestExpiredcompanies" finished-at="2024-06-09T21:25:10 IST" duration-ms="593" status="PASS">
          <reporter-output>
            <line>
              <![CDATA[list of expired companies....200]]>
            </line>
          </reporter-output>
        </test-method> <!-- TestExpiredcompanies -->
      </class> <!-- api.test.AdminTest -->
      <class name="api.test.DroneDpTest">
        <test-method is-config="true" signature="setupData()[pri:0, instance:api.test.DroneDpTest@8ad6665]" started-at="2024-06-09T21:25:12 IST" name="setupData" finished-at="2024-06-09T21:25:12 IST" duration-ms="1" status="PASS">
          <reporter-output>
          </reporter-output>
        </test-method> <!-- setupData -->
        <test-method signature="ViewRequest()[pri:1, instance:api.test.DroneDpTest@8ad6665]" started-at="2024-06-09T21:25:12 IST" name="ViewRequest" finished-at="2024-06-09T21:25:13 IST" duration-ms="570" status="PASS">
          <reporter-output>
            <line>
              <![CDATA[View request....200]]>
            </line>
          </reporter-output>
        </test-method> <!-- ViewRequest -->
      </class> <!-- api.test.DroneDpTest -->
    </test> <!-- Adminportal -->
  </suite> <!-- Suite -->
</testng-results>
