<?xml version="1.0" encoding="UTF-8"?>
<!-- Generated by org.testng.reporters.JUnitXMLReporter -->
<testsuite ignored="0" hostname="DESKTOP-SR5ISP2" failures="0" tests="38" name="Test" time="33.301" errors="0" timestamp="2024-05-08T20:23:51 IST">
  <testcase classname="api.test.LoginTest" name="testLogin" time="3.48"/>
  <testcase classname="api.test.LoginTest" name="companyDetails" time="0.666"/>
  <testcase classname="api.test.EmployeeTest" name="testAddEmployee" time="2.724"/>
  <testcase classname="api.test.EmployeeTest" name="testAddEmployee" time="1.895"/>
  <testcase classname="api.test.EmployeeTest" name="testEmployeeDetails" time="0.612"/>
  <testcase classname="api.test.EmployeeTest" name="TestUpdateEmployee" time="0.813"/>
  <testcase classname="api.test.EmployeeTest" name="TestDeleteEmployee" time="0.617"/>
  <testcase classname="api.test.EmployeeTest" name="TestSearchEmployee" time="0.643"/>
  <testcase classname="api.test.TeamTest" name="TestCreateTeam" time="0.674"/>
  <testcase classname="api.test.TeamTest" name="TestCreateTeam" time="0.656"/>
  <testcase classname="api.test.TeamTest" name="TestTeamDetails" time="0.701"/>
  <testcase classname="api.test.TeamTest" name="TestTeamUpdate" time="0.617"/>
  <testcase classname="api.test.TeamTest" name="TestTeamDelete" time="0.632"/>
  <testcase classname="api.test.ProjectTest" name="TestCreateProject" time="0.722"/>
  <testcase classname="api.test.ProjectTest" name="TestCreateProject" time="0.779"/>
  <testcase classname="api.test.ProjectTest" name="TestProjectDetails" time="0.696"/>
  <testcase classname="api.test.ProjectTest" name="TestProjectUpdate" time="0.759"/>
  <testcase classname="api.test.ProjectTest" name="TestProjectDelete" time="0.753"/>
  <testcase classname="api.test.UploadFileTest" name="testUploadfile" time="0.709"/>
  <testcase classname="api.test.UploadFileTest" name="testUploadErrorfile" time="0.646"/>
  <testcase classname="api.test.UploadFileTest" name="Getfiles" time="0.583"/>
  <testcase classname="api.test.UploadFileTest" name="Updatefile" time="0.611"/>
  <testcase classname="api.test.UploadFileTest" name="TestDownloadExcelfile" time="0.588">
    <skipped/>
  </testcase> <!-- TestDownloadExcelfile -->
  <testcase classname="api.test.UploadFileTest" name="testErrorfilefix" time="0.62"/>
  <testcase classname="api.test.UploadFileTest" name="Deletefile" time="0.579"/>
  <testcase classname="api.test.UploadFileTest" name="GetFileByFileId" time="0.586"/>
  <testcase classname="api.test.PhraseTest" name="testAddPhrase" time="0.614"/>
  <testcase classname="api.test.PhraseTest" name="testUpdatePhrase" time="0.587"/>
  <testcase classname="api.test.PhraseTest" name="testDeletePhrase" time="0.57"/>
  <testcase classname="api.test.PhraseTest" name="testGetPhrase" time="1.09"/>
  <testcase classname="api.test.PdfTest" name="testUploadpdf" time="1.18"/>
  <testcase classname="api.test.PdfTest" name="testUploadpdf" time="1.194"/>
  <testcase classname="api.test.PdfTest" name="Getfiles" time="0.568"/>
  <testcase classname="api.test.PdfTest" name="DeletePdf" time="0.558"/>
  <testcase classname="api.test.PdfTest" name="TestDownloadExcelfile" time="1.166">
    <skipped/>
  </testcase> <!-- TestDownloadExcelfile -->
  <testcase classname="api.test.SearchTest" name="testSearchExcelData" time="0.637"/>
  <testcase classname="api.test.SearchTest" name="testSearchPdfData" time="0.592"/>
  <testcase classname="api.test.SearchTest" name="testDashboardCount" time="0.661">
    <skipped/>
  </testcase> <!-- testDashboardCount -->
</testsuite> <!-- Test -->
