<?xml version="1.0" encoding="UTF-8"?>
<!-- Generated by org.testng.reporters.JUnitXMLReporter -->
<testsuite ignored="0" hostname="DESKTOP-SR5ISP2" failures="0" tests="37" name="Test" time="511.891" errors="0" timestamp="2024-05-14T19:34:56 IST">
  <testcase classname="api.test.LoginTest" name="testLogin" time="3.765"/>
  <testcase classname="api.test.LoginTest" name="companyDetails" time="0.649"/>
  <testcase classname="api.test.EmployeeTest" name="testAddEmployee" time="2.165"/>
  <testcase classname="api.test.EmployeeTest" name="testAddEmployee" time="1.851"/>
  <testcase classname="api.test.EmployeeTest" name="testEmployeeDetails" time="0.547"/>
  <testcase classname="api.test.EmployeeTest" name="TestUpdateEmployee" time="0.671"/>
  <testcase classname="api.test.EmployeeTest" name="TestDeleteEmployee" time="0.59"/>
  <testcase classname="api.test.EmployeeTest" name="TestSearchEmployee" time="0.586"/>
  <testcase classname="api.test.TeamTest" name="TestCreateTeam" time="0.613"/>
  <testcase classname="api.test.TeamTest" name="TestCreateTeam" time="0.643"/>
  <testcase classname="api.test.TeamTest" name="TestTeamDetails" time="0.58"/>
  <testcase classname="api.test.TeamTest" name="TestTeamUpdate" time="0.63"/>
  <testcase classname="api.test.TeamTest" name="TestTeamDelete" time="0.605"/>
  <testcase classname="api.test.ProjectTest" name="TestCreateProject" time="0.685"/>
  <testcase classname="api.test.ProjectTest" name="TestCreateProject" time="0.687"/>
  <testcase classname="api.test.ProjectTest" name="TestProjectDetails" time="0.638"/>
  <testcase classname="api.test.ProjectTest" name="TestProjectUpdate" time="0.686"/>
  <testcase classname="api.test.ProjectTest" name="TestProjectDelete" time="0.637"/>
  <testcase classname="api.test.UploadFileTest" name="testUploadfile" time="60.673"/>
  <testcase classname="api.test.UploadFileTest" name="testUploadErrorfile" time="60.683"/>
  <testcase classname="api.test.UploadFileTest" name="Getfiles" time="0.595"/>
  <testcase classname="api.test.UploadFileTest" name="Updatefile" time="60.78"/>
  <testcase classname="api.test.UploadFileTest" name="TestDownloadExcelfile" time="0.64">
    <skipped/>
  </testcase> <!-- TestDownloadExcelfile -->
  <testcase classname="api.test.UploadFileTest" name="testErrorfilefix" time="60.662"/>
  <testcase classname="api.test.UploadFileTest" name="Deletefile" time="60.622"/>
  <testcase classname="api.test.UploadFileTest" name="GetFileByFileId" time="0.599"/>
  <testcase classname="api.test.PhraseTest" name="testAddPhrase" time="0.641"/>
  <testcase classname="api.test.PhraseTest" name="testUpdatePhrase" time="0.582"/>
  <testcase classname="api.test.PhraseTest" name="testDeletePhrase" time="0.519"/>
  <testcase classname="api.test.PhraseTest" name="testGetPhrase" time="0.663"/>
  <testcase classname="api.test.PdfTest" name="testUploadpdf" time="61.193"/>
  <testcase classname="api.test.PdfTest" name="testUploadpdf" time="61.2"/>
  <testcase classname="api.test.PdfTest" name="Getfiles" time="0.551"/>
  <testcase classname="api.test.PdfTest" name="DeletePdf" time="60.59"/>
  <testcase classname="api.test.PdfTest" name="TestDownloadExcelfile" time="1.667">
    <skipped/>
  </testcase> <!-- TestDownloadExcelfile -->
  <testcase classname="api.test.SearchTest" name="testSearchExcelData" time="0.685"/>
  <testcase classname="api.test.SearchTest" name="testDashboardCount" time="0.574">
    <skipped/>
  </testcase> <!-- testDashboardCount -->
</testsuite> <!-- Test -->
