<?xml version="1.0" encoding="UTF-8"?>
<!-- Generated by org.testng.reporters.JUnitXMLReporter -->
<testsuite ignored="0" hostname="DESKTOP-SR5ISP2" failures="0" tests="3" name="AdminPortal" time="6.495" errors="0" timestamp="2024-05-31T17:45:13 IST">
  <testcase classname="api.test.AdminTest" name="TestAdminLogin" time="4.502"/>
  <testcase classname="api.test.AdminCompanyTest" name="AdminSearchCompany" time="0.894"/>
  <testcase classname="api.test.AdminCompanyTest" name="AdminUpdateCompany" time="0.627"/>
</testsuite> <!-- AdminPortal -->
