<?xml version="1.0" encoding="UTF-8"?>
<!-- Generated by org.testng.reporters.JUnitXMLReporter -->
<testsuite ignored="0" hostname="Trudosys" failures="6" tests="8" name="Adminportal" time="10.872" errors="0" timestamp="2024-07-15T14:02:21 IST">
  <testcase classname="api.test.AdminTest" name="TestAdminLogin" time="0.725"/>
  <testcase classname="api.test.AdminTest" name="TestAdminDashboard" time="0.575">
    <failure type="java.lang.AssertionError" message="Correct status code returned expected [200] but found [403]">
      <![CDATA[java.lang.AssertionError: Correct status code returned expected [200] but found [403]
at api.test.AdminTest.TestAdminDashboard(AdminTest.java:65)
at java.base/java.util.ArrayList.forEach(ArrayList.java:1511)
... Removed 32 stack frames]]>
    </failure>
  </testcase> <!-- TestAdminDashboard -->
  <testcase classname="api.test.AdminTest" name="TestAboutToExpirecompanies" time="0.572">
    <failure type="java.lang.AssertionError" message="Correct status code returned expected [200] but found [403]">
      <![CDATA[java.lang.AssertionError: Correct status code returned expected [200] but found [403]
at api.test.AdminTest.TestAboutToExpirecompanies(AdminTest.java:83)
at java.base/java.util.ArrayList.forEach(ArrayList.java:1511)
... Removed 32 stack frames]]>
    </failure>
  </testcase> <!-- TestAboutToExpirecompanies -->
  <testcase classname="api.test.AdminTest" name="TestExpiredcompanies" time="0.602">
    <failure type="java.lang.AssertionError" message="Correct status code returned expected [200] but found [403]">
      <![CDATA[java.lang.AssertionError: Correct status code returned expected [200] but found [403]
at api.test.AdminTest.TestExpiredcompanies(AdminTest.java:100)
at java.base/java.util.ArrayList.forEach(ArrayList.java:1511)
... Removed 32 stack frames]]>
    </failure>
  </testcase> <!-- TestExpiredcompanies -->
  <testcase classname="api.test.DroneDpTest" name="GetAllCompanies" time="0.596">
    <failure type="java.lang.AssertionError" message="Correct status code returned expected [200] but found [403]">
      <![CDATA[java.lang.AssertionError: Correct status code returned expected [200] but found [403]
at api.test.DroneDpTest.GetAllCompanies(DroneDpTest.java:142)
at java.base/java.util.ArrayList.forEach(ArrayList.java:1511)
... Removed 32 stack frames]]>
    </failure>
  </testcase> <!-- GetAllCompanies -->
  <testcase classname="api.test.DroneDpTest" name="RequestCount" time="0.572">
    <failure type="java.lang.AssertionError" message="Correct status code returned expected [200] but found [403]">
      <![CDATA[java.lang.AssertionError: Correct status code returned expected [200] but found [403]
at api.test.DroneDpTest.RequestCount(DroneDpTest.java:161)
at java.base/java.util.ArrayList.forEach(ArrayList.java:1511)
... Removed 32 stack frames]]>
    </failure>
  </testcase> <!-- RequestCount -->
  <testcase classname="api.test.DroneDpTest" name="ViewRequest" time="0.609">
    <failure type="java.lang.AssertionError" message="Correct status code returned expected [200] but found [403]">
      <![CDATA[java.lang.AssertionError: Correct status code returned expected [200] but found [403]
at api.test.DroneDpTest.ViewRequest(DroneDpTest.java:179)
at java.base/java.util.ArrayList.forEach(ArrayList.java:1511)
... Removed 32 stack frames]]>
    </failure>
  </testcase> <!-- ViewRequest -->
  <testcase classname="api.test.DroneDpTest" name="testUploadExcelFileForRequest" time="0.672"/>
</testsuite> <!-- Adminportal -->
