<?xml version="1.0" encoding="UTF-8"?>
<!-- Generated by org.testng.reporters.JUnitXMLReporter -->
<testsuite ignored="0" hostname="Trudosys" failures="1" tests="84" name="Test" time="82.352" errors="0" timestamp="2024-08-29T15:38:43 IST">
  <testcase classname="api.test.LoginTest" name="LoginWithValidCredentials" time="3.445"/>
  <testcase classname="api.test.LoginTest" name="LoginWithInvalidcredentials" time="0.662"/>
  <testcase classname="api.test.LoginTest" name="LoginWithInvalidEmail" time="0.534"/>
  <testcase classname="api.test.LoginTest" name="LoginWithEmptyValues" time="0.573"/>
  <testcase classname="api.test.LoginTest" name="LoginWithNullValues" time="0.578"/>
  <testcase classname="api.test.LoginTest" name="companyDetails" time="0.646"/>
  <testcase classname="api.test.VendorTest" name="TestUploadVendorDetails" time="0.721"/>
  <testcase classname="api.test.VendorTest" name="TestUploadVendorWithInvalidHeaders" time="0.621"/>
  <testcase classname="api.test.VendorTest" name="TestUploadVendorWithInvalidFile" time="1.734"/>
  <testcase classname="api.test.VendorTest" name="GetIssueType" time="0.553"/>
  <testcase classname="api.test.SendLetterTest" name="TestSendLetterWithAttachement" time="3.836"/>
  <testcase classname="api.test.SendLetterTest" name="TestSendLetterWithOutAttachement" time="1.997"/>
  <testcase classname="api.test.SendLetterTest" name="TestSendLetterWithInvalidAttachement" time="0.534"/>
  <testcase classname="api.test.SendLetterTest" name="TestSendLetterWithMultipleAttachement" time="4.542"/>
  <testcase classname="api.test.SendLetterTest" name="TestSendLetterWithInvalidRecipientEmail" time="0.511"/>
  <testcase classname="api.test.SendLetterTest" name="TestSendLetterWithLargeAttachement" time="6.485">
    <failure type="java.lang.AssertionError" message="Correct status code returned expected [400] but found [413]">
      <![CDATA[java.lang.AssertionError: Correct status code returned expected [400] but found [413]
at api.test.SendLetterTest.TestSendLetterWithLargeAttachement(SendLetterTest.java:163)
at java.base/java.util.ArrayList.forEach(ArrayList.java:1511)
... Removed 32 stack frames]]>
    </failure>
  </testcase> <!-- TestSendLetterWithLargeAttachement -->
  <testcase classname="api.test.EmployeeTest" name="testAddEmployee" time="2.195"/>
  <testcase classname="api.test.EmployeeTest" name="testAddEmployee" time="1.988"/>
  <testcase classname="api.test.EmployeeTest" name="testEmployeeDetails" time="0.547"/>
  <testcase classname="api.test.EmployeeTest" name="TestUpdateEmployee" time="0.598"/>
  <testcase classname="api.test.EmployeeTest" name="TestDeleteEmployee" time="0.588"/>
  <testcase classname="api.test.EmployeeTest" name="TestSearchEmployee" time="0.573"/>
  <testcase classname="api.test.TeamTest" name="TestCreateTeam" time="0.641"/>
  <testcase classname="api.test.TeamTest" name="TestCreateTeam" time="0.638"/>
  <testcase classname="api.test.TeamTest" name="TestTeamDetails" time="0.653"/>
  <testcase classname="api.test.TeamTest" name="TestTeamUpdate" time="0.612"/>
  <testcase classname="api.test.TeamTest" name="TestTeamEmployees" time="0.591"/>
  <testcase classname="api.test.TeamTest" name="TestDeleteTeamMember" time="0.566"/>
  <testcase classname="api.test.TeamTest" name="TestTeamDelete" time="0.586"/>
  <testcase classname="api.test.ProjectTest" name="TestCreateProject" time="0.829"/>
  <testcase classname="api.test.ProjectTest" name="TestCreateProject" time="0.742"/>
  <testcase classname="api.test.ProjectTest" name="TestProjectDetails" time="0.706"/>
  <testcase classname="api.test.ProjectTest" name="TestProjectUpdate" time="0.768"/>
  <testcase classname="api.test.ProjectTest" name="TestProjectDelete" time="0.828"/>
  <testcase classname="api.test.UploadFileTest" name="testUploadfile" time="0.587"/>
  <testcase classname="api.test.UploadFileTest" name="testUploadErrorfile" time="0.571"/>
  <testcase classname="api.test.UploadFileTest" name="Getfiles" time="0.54"/>
  <testcase classname="api.test.UploadFileTest" name="Updatefile" time="0.554"/>
  <testcase classname="api.test.UploadFileTest" name="TestDownloadExcelfile" time="0.575"/>
  <testcase classname="api.test.UploadFileTest" name="testErrorfilefix" time="0.605"/>
  <testcase classname="api.test.UploadFileTest" name="Deletefile" time="0.509"/>
  <testcase classname="api.test.UploadFileTest" name="GetFileByFileId" time="0.535"/>
  <testcase classname="api.test.PdfTest" name="testUploadpdf" time="1.029"/>
  <testcase classname="api.test.PdfTest" name="testUploadpdf" time="1.288"/>
  <testcase classname="api.test.PdfTest" name="Getfiles" time="0.531"/>
  <testcase classname="api.test.PdfTest" name="DeletePdf" time="0.512"/>
  <testcase classname="api.test.PdfTest" name="TestDownloadPdffile" time="1.074"/>
  <testcase classname="api.test.SearchTest" name="testSearchExcelData" time="0.681"/>
  <testcase classname="api.test.SearchTest" name="testSearchPdfData" time="0.564"/>
  <testcase classname="api.test.SearchTest" name="testDashboardCount" time="0.551">
    <skipped/>
  </testcase> <!-- testDashboardCount -->
  <testcase classname="api.test.SearchTest" name="testExcelHistory" time="0.637"/>
  <testcase classname="api.test.SearchTest" name="testpdfHistory" time="0.642"/>
  <testcase classname="api.test.PhraseTest" name="testAddPhrase" time="0.558"/>
  <testcase classname="api.test.PhraseTest" name="testUpdatePhrase" time="0.528"/>
  <testcase classname="api.test.PhraseTest" name="testDeletePhrase" time="0.542"/>
  <testcase classname="api.test.PhraseTest" name="testGetPhrase" time="0.574"/>
  <testcase classname="api.test.CommunityTest" name="TestCreateCommunity" time="0.877"/>
  <testcase classname="api.test.CommunityTest" name="CreateCommunitywithExistingName" time="0.528"/>
  <testcase classname="api.test.CommunityTest" name="CreateCommunitywithNullFields" time="0.549"/>
  <testcase classname="api.test.CommunityTest" name="TestSearchCommunity" time="0.62"/>
  <testcase classname="api.test.CommunityTest" name="TestCreateRequest" time="0.545"/>
  <testcase classname="api.test.CommunityTest" name="CreateRequestWithSamefrequency" time="0.535"/>
  <testcase classname="api.test.CommunityTest" name="TestDvsOverview" time="0.534"/>
  <testcase classname="api.test.CommunityTest" name="TestOverviewIssueCount" time="0.603"/>
  <testcase classname="api.test.CommunityTest" name="TestOverviewIssueCountwithInvalidPayload" time="0.534"/>
  <testcase classname="api.test.CommunityTest" name="TestdatasearchIssueCount" time="0.59"/>
  <testcase classname="api.test.AdminTest" name="TestAdminLogin" time="0.622"/>
  <testcase classname="api.test.AdminTest" name="TestAdminDashboard" time="0.563"/>
  <testcase classname="api.test.AdminTest" name="TestAboutToExpirecompanies" time="0.523"/>
  <testcase classname="api.test.AdminTest" name="TestExpiredcompanies" time="0.552"/>
  <testcase classname="api.test.IssueTypeTest" name="testUploadIssueTypefile" time="0.619"/>
  <testcase classname="api.test.IssueTypeTest" name="testUploadIssueTypefileWithInvalidFile" time="1.443"/>
  <testcase classname="api.test.IssueTypeTest" name="testUploadIssueTypefileWithInvalidHeaders" time="0.57"/>
  <testcase classname="api.test.IssueTypeTest" name="testUploadIssueTypewithUser" time="0.539"/>
  <testcase classname="api.test.IssueTypeTest" name="CreateIssueType" time="0.567"/>
  <testcase classname="api.test.IssueTypeTest" name="GetIssueType" time="0.558"/>
  <testcase classname="api.test.IssueTypeTest" name="CreateIssueTypeWithSameName" time="0.51"/>
  <testcase classname="api.test.DroneDpTest" name="GetAllCompanies" time="0.535"/>
  <testcase classname="api.test.DroneDpTest" name="RequestCount" time="0.559"/>
  <testcase classname="api.test.DroneDpTest" name="ViewRequest" time="0.537"/>
  <testcase classname="api.test.DroneDpTest" name="testUploadExcelFileForRequest" time="0.811"/>
  <testcase classname="api.test.DroneDpTest" name="TestUploadPdfForRequest" time="6.375"/>
  <testcase classname="api.test.DvsDataSearchTest" name="DvsDataSearch" time="1.557"/>
  <testcase classname="api.test.DvsDataSearchTest" name="DvsFilters" time="1.55"/>
</testsuite> <!-- Test -->
