<?xml version="1.0" encoding="UTF-8"?>
<!-- Generated by org.testng.reporters.JUnitXMLReporter -->
<testsuite ignored="0" hostname="Trudosys" failures="0" tests="45" name="Test" time="40.49" errors="0" timestamp="2024-06-13T10:54:47 IST">
  <testcase classname="api.test.LoginTest" name="testLogin" time="2.496"/>
  <testcase classname="api.test.LoginTest" name="companyDetails" time="0.618"/>
  <testcase classname="api.test.EmployeeTest" name="testAddEmployee" time="1.595"/>
  <testcase classname="api.test.EmployeeTest" name="testAddEmployee" time="1.502"/>
  <testcase classname="api.test.EmployeeTest" name="testEmployeeDetails" time="0.595"/>
  <testcase classname="api.test.EmployeeTest" name="TestUpdateEmployee" time="0.735"/>
  <testcase classname="api.test.EmployeeTest" name="TestDeleteEmployee" time="0.649"/>
  <testcase classname="api.test.EmployeeTest" name="TestSearchEmployee" time="0.671"/>
  <testcase classname="api.test.TeamTest" name="TestCreateTeam" time="0.794"/>
  <testcase classname="api.test.TeamTest" name="TestCreateTeam" time="0.687"/>
  <testcase classname="api.test.TeamTest" name="TestTeamDetails" time="0.685"/>
  <testcase classname="api.test.TeamTest" name="TestTeamUpdate" time="0.664"/>
  <testcase classname="api.test.TeamTest" name="TestTeamEmployees" time="0.732"/>
  <testcase classname="api.test.TeamTest" name="TestDeleteTeamMember" time="0.614"/>
  <testcase classname="api.test.TeamTest" name="TestTeamDelete" time="0.681"/>
  <testcase classname="api.test.ProjectTest" name="TestCreateProject" time="0.796"/>
  <testcase classname="api.test.ProjectTest" name="TestCreateProject" time="0.765"/>
  <testcase classname="api.test.ProjectTest" name="TestProjectDetails" time="0.665"/>
  <testcase classname="api.test.ProjectTest" name="TestProjectUpdate" time="0.713"/>
  <testcase classname="api.test.ProjectTest" name="TestProjectDelete" time="0.749"/>
  <testcase classname="api.test.UploadFileTest" name="testUploadfile" time="0.7"/>
  <testcase classname="api.test.UploadFileTest" name="testUploadErrorfile" time="0.657"/>
  <testcase classname="api.test.UploadFileTest" name="Getfiles" time="0.607"/>
  <testcase classname="api.test.UploadFileTest" name="Updatefile" time="0.616"/>
  <testcase classname="api.test.UploadFileTest" name="TestDownloadExcelfile" time="0.618">
    <skipped/>
  </testcase> <!-- TestDownloadExcelfile -->
  <testcase classname="api.test.UploadFileTest" name="testErrorfilefix" time="0.647"/>
  <testcase classname="api.test.UploadFileTest" name="Deletefile" time="0.568"/>
  <testcase classname="api.test.UploadFileTest" name="GetFileByFileId" time="0.656"/>
  <testcase classname="api.test.PhraseTest" name="testAddPhrase" time="0.662"/>
  <testcase classname="api.test.PhraseTest" name="testUpdatePhrase" time="0.579"/>
  <testcase classname="api.test.PhraseTest" name="testDeletePhrase" time="0.566"/>
  <testcase classname="api.test.PhraseTest" name="testGetPhrase" time="1.525"/>
  <testcase classname="api.test.PdfTest" name="testUploadpdf" time="1.226"/>
  <testcase classname="api.test.PdfTest" name="testUploadpdf" time="1.171"/>
  <testcase classname="api.test.PdfTest" name="Getfiles" time="0.593"/>
  <testcase classname="api.test.PdfTest" name="DeletePdf" time="0.567"/>
  <testcase classname="api.test.PdfTest" name="TestDownloadPdffile" time="4.726">
    <skipped/>
  </testcase> <!-- TestDownloadPdffile -->
  <testcase classname="api.test.SearchTest" name="testSearchExcelData" time="0.694"/>
  <testcase classname="api.test.SearchTest" name="testSearchPdfData" time="0.67"/>
  <testcase classname="api.test.SearchTest" name="testDashboardCount" time="0.678">
    <skipped/>
  </testcase> <!-- testDashboardCount -->
  <testcase classname="api.test.SearchTest" name="testExcelHistory" time="0.648"/>
  <testcase classname="api.test.SearchTest" name="testpdfHistory" time="0.719"/>
  <testcase classname="api.test.CommunityTest" name="TestCreateCommunity" time="0.956"/>
  <testcase classname="api.test.CommunityTest" name="TestSearchCommunity" time="0.685"/>
  <testcase classname="api.test.CommunityTest" name="TestCreateRequest" time="0.678"/>
</testsuite> <!-- Test -->
