<?xml version="1.0" encoding="UTF-8"?>
<!-- Generated by org.testng.reporters.JUnitXMLReporter -->
<testsuite ignored="0" hostname="DESKTOP-SR5ISP2" failures="0" tests="29" name="Test" time="30.666" errors="0" timestamp="2024-04-11T06:33:18 IST">
  <testcase classname="api.test.LoginTest" name="testLogin" time="5.581"/>
  <testcase classname="api.test.LoginTest" name="companyDetails" time="0.918"/>
  <testcase classname="api.test.EmployeeTest" name="testAddEmployee" time="2.15"/>
  <testcase classname="api.test.EmployeeTest" name="testAddEmployee" time="2.199"/>
  <testcase classname="api.test.EmployeeTest" name="testEmployeeDetails" time="0.676"/>
  <testcase classname="api.test.EmployeeTest" name="TestUpdateEmployee" time="0.932"/>
  <testcase classname="api.test.EmployeeTest" name="TestDeleteEmployee" time="0.681"/>
  <testcase classname="api.test.EmployeeTest" name="TestSearchEmployee" time="0.766"/>
  <testcase classname="api.test.TeamTest" name="TestCreateTeam" time="0.727"/>
  <testcase classname="api.test.TeamTest" name="TestCreateTeam" time="0.836"/>
  <testcase classname="api.test.TeamTest" name="TestTeamDetails" time="0.784"/>
  <testcase classname="api.test.TeamTest" name="TestTeamUpdate" time="0.709"/>
  <testcase classname="api.test.TeamTest" name="TestTeamDelete" time="0.629"/>
  <testcase classname="api.test.ProjectTest" name="TestCreateProject" time="0.758"/>
  <testcase classname="api.test.ProjectTest" name="TestCreateProject" time="0.824"/>
  <testcase classname="api.test.ProjectTest" name="TestProjectDetails" time="0.841"/>
  <testcase classname="api.test.ProjectTest" name="TestProjectUpdate" time="0.866"/>
  <testcase classname="api.test.ProjectTest" name="TestProjectDelete" time="0.769"/>
  <testcase classname="api.test.UploadFileTest" name="testUploadfile" time="0.858"/>
  <testcase classname="api.test.UploadFileTest" name="testUploadErrorfile" time="0.717"/>
  <testcase classname="api.test.UploadFileTest" name="Getfiles" time="0.751"/>
  <testcase classname="api.test.UploadFileTest" name="Updatefile" time="0.741"/>
  <testcase classname="api.test.UploadFileTest" name="testErrorfilefix" time="0.723"/>
  <testcase classname="api.test.UploadFileTest" name="Deletefile" time="0.668"/>
  <testcase classname="api.test.UploadFileTest" name="GetFileByFileId" time="0.614"/>
  <testcase classname="api.test.PhraseTest" name="testAddPhrase" time="0.654"/>
  <testcase classname="api.test.PhraseTest" name="testUpdatePhrase" time="0.686"/>
  <testcase classname="api.test.PhraseTest" name="testDeletePhrase" time="0.601"/>
  <testcase classname="api.test.PhraseTest" name="testGetPhrase" time="0.79"/>
</testsuite> <!-- Test -->
