<?xml version="1.0" encoding="UTF-8"?>
<testsuite xmlns:xsi="http://www.w3.org/2001/XMLSchema-instance" xsi:noNamespaceSchemaLocation="https://maven.apache.org/surefire/maven-surefire-plugin/xsd/surefire-test-report-3.0.xsd" version="3.0" name="TestSuite" time="32.161" tests="29" errors="0" skipped="0" failures="0">
  <properties>
[...]
</properties>
  <testcase name="testLogin[org.testng.TestRunner@376a0d86](1)" classname="api.test.LoginTest" time="5.711">
    <system-out><![CDATA[login successfull....
]]></system-out>
    <system-err><![CDATA[SLF4J: Failed to load class "org.slf4j.impl.StaticLoggerBinder".
SLF4J: Defaulting to no-operation (NOP) logger implementation
SLF4J: See http://www.slf4j.org/codes.html#StaticLoggerBinder for further details.
]]></system-err>
  </testcase>
  <testcase name="companyDetails" classname="api.test.LoginTest" time="0.934">
    <system-out><![CDATA[Get Company Details....
]]></system-out>
  </testcase>
  <testcase name="testAddEmployee" classname="api.test.EmployeeTest" time="2.158">
    <system-out><![CDATA[Added Employee....
]]></system-out>
  </testcase>
  <testcase name="testAddEmployee" classname="api.test.EmployeeTest" time="2.202">
    <system-out><![CDATA[Added Employee....
]]></system-out>
  </testcase>
  <testcase name="testEmployeeDetails" classname="api.test.EmployeeTest" time="0.682">
    <system-out><![CDATA[Employee Details....
]]></system-out>
  </testcase>
  <testcase name="TestUpdateEmployee" classname="api.test.EmployeeTest" time="0.937">
    <system-out><![CDATA[Update Employee....
]]></system-out>
  </testcase>
  <testcase name="TestDeleteEmployee" classname="api.test.EmployeeTest" time="0.685">
    <system-out><![CDATA[Delete Employee....
]]></system-out>
  </testcase>
  <testcase name="TestSearchEmployee" classname="api.test.EmployeeTest" time="0.769">
    <system-out><![CDATA[Search Employee....
]]></system-out>
  </testcase>
  <testcase name="TestCreateTeam" classname="api.test.TeamTest" time="0.736">
    <system-out><![CDATA[Team Created....
]]></system-out>
  </testcase>
  <testcase name="TestCreateTeam" classname="api.test.TeamTest" time="0.84">
    <system-out><![CDATA[Team Created....
]]></system-out>
  </testcase>
  <testcase name="TestTeamDetails" classname="api.test.TeamTest" time="0.788">
    <system-out><![CDATA[Team Details....
]]></system-out>
  </testcase>
  <testcase name="TestTeamUpdate" classname="api.test.TeamTest" time="0.711">
    <system-out><![CDATA[Team Updated....
]]></system-out>
  </testcase>
  <testcase name="TestTeamDelete" classname="api.test.TeamTest" time="0.638">
    <system-out><![CDATA[Team Deleted....
]]></system-out>
  </testcase>
  <testcase name="TestCreateProject" classname="api.test.ProjectTest" time="0.764">
    <system-out><![CDATA[Project Created....
]]></system-out>
  </testcase>
  <testcase name="TestCreateProject" classname="api.test.ProjectTest" time="0.831">
    <system-out><![CDATA[Project Created....
]]></system-out>
  </testcase>
  <testcase name="TestProjectDetails" classname="api.test.ProjectTest" time="0.846">
    <system-out><![CDATA[Project Details....
]]></system-out>
  </testcase>
  <testcase name="TestProjectUpdate" classname="api.test.ProjectTest" time="0.872">
    <system-out><![CDATA[Project Updated....
]]></system-out>
  </testcase>
  <testcase name="TestProjectDelete" classname="api.test.ProjectTest" time="0.776">
    <system-out><![CDATA[Project Deleted....
]]></system-out>
  </testcase>
  <testcase name="testUploadfile" classname="api.test.UploadFileTest" time="0.862">
    <system-out><![CDATA[{
    "status": 201,
    "message": "File Uploaded successfully.",
    "error": null,
    "data": {
        "uniqueName": "sample_49475b6b-ed1a-440c-861c-a45af730fca1",
        "message": "sample_49475b6b-ed1a-440c-861c-a45af730fca1.xlsx Uploaded successfully. "
    }
}
Upload File....
]]></system-out>
  </testcase>
  <testcase name="testUploadErrorfile" classname="api.test.UploadFileTest" time="0.725">
    <system-out><![CDATA[Upload Error File....
]]></system-out>
  </testcase>
  <testcase name="Getfiles" classname="api.test.UploadFileTest" time="0.75">
    <system-out><![CDATA[Get Files....
]]></system-out>
  </testcase>
  <testcase name="Updatefile" classname="api.test.UploadFileTest" time="0.744">
    <system-out><![CDATA[Update File....
]]></system-out>
  </testcase>
  <testcase name="testErrorfilefix" classname="api.test.UploadFileTest" time="0.728">
    <system-out><![CDATA[Error File Fix....
]]></system-out>
  </testcase>
  <testcase name="Deletefile" classname="api.test.UploadFileTest" time="0.67">
    <system-out><![CDATA[Delete File....
]]></system-out>
  </testcase>
  <testcase name="GetFileByFileId" classname="api.test.UploadFileTest" time="0.618">
    <system-out><![CDATA[{
    "fileId": 1359,
    "companyId": "1180",
    "projectId": "1927",
    "fileName": "sample.xlsx",
    "fileType": "excel",
    "fileUniqueName": "sample_49475b6b-ed1a-440c-861c-a45af730fca1",
    "fileProcessingStatus": "COMPLETED",
    "createdDate": "2024-04-11T06:33:10.739+00:00",
    "timeUpdated": "2024-04-11T06:33:10.739+00:00",
    "createdByID": 3060,
    "error": null,
    "activeStatus": true,
    "sheets": [
        {
            "sheetId": 1108,
            "sheetName": "Sheet1",
            "approach": "TopToBottom",
            "valuePosition": "A3",
            "headers": [
                {
                    "headerId": 4218,
                    "position": "A1",
                    "dataType": "Text",
                    "headerName": "sno",
                    "madeUpName": "sno"
                },
                {
                    "headerId": 4219,
                    "position": "B1",
                    "dataType": "Text",
                    "headerName": "name",
                    "madeUpName": "name"
                },
                {
                    "headerId": 4220,
                    "position": "C1",
                    "dataType": "Text",
                    "headerName": "place",
                    "madeUpName": "place"
                }
            ]
        }
    ]
}
GetFileByFileId....
]]></system-out>
  </testcase>
  <testcase name="testAddPhrase" classname="api.test.PhraseTest" time="0.658">
    <system-out><![CDATA[phrase Added successfully.
]]></system-out>
  </testcase>
  <testcase name="testUpdatePhrase" classname="api.test.PhraseTest" time="0.699">
    <system-out><![CDATA[phrase updated
]]></system-out>
  </testcase>
  <testcase name="testDeletePhrase" classname="api.test.PhraseTest" time="0.604">
    <system-out><![CDATA[Delete Phrase....
]]></system-out>
  </testcase>
  <testcase name="testGetPhrase" classname="api.test.PhraseTest" time="0.803">
    <system-out><![CDATA[Get Phrase....
]]></system-out>
  </testcase>
</testsuite>