<?xml version="1.0" encoding="UTF-8"?>
<testng-results ignored="0" total="37" passed="34" failed="0" skipped="3">
  <reporter-output>
    <line>
      <![CDATA[Login successfull....200]]>
    </line>
    <line>
      <![CDATA[get company details....200]]>
    </line>
    <line>
      <![CDATA[Added Employee....200]]>
    </line>
    <line>
      <![CDATA[Added Employee....200]]>
    </line>
    <line>
      <![CDATA[Employee Details....200]]>
    </line>
    <line>
      <![CDATA[Update Employee....200]]>
    </line>
    <line>
      <![CDATA[Delete Employee....200]]>
    </line>
    <line>
      <![CDATA[Search Employee....200]]>
    </line>
    <line>
      <![CDATA[Team Created....200]]>
    </line>
    <line>
      <![CDATA[Team Created....200]]>
    </line>
    <line>
      <![CDATA[Team Details....200]]>
    </line>
    <line>
      <![CDATA[Team Update....200]]>
    </line>
    <line>
      <![CDATA[Team Deleted....200]]>
    </line>
    <line>
      <![CDATA[Project Created....200]]>
    </line>
    <line>
      <![CDATA[Project Created....200]]>
    </line>
    <line>
      <![CDATA[Project Details....200]]>
    </line>
    <line>
      <![CDATA[Project Updated....200]]>
    </line>
    <line>
      <![CDATA[Project Delete....200]]>
    </line>
    <line>
      <![CDATA[upload file failed{
    "statusCode": 400,
    "message": "java.net.SocketTimeoutException: Connect timed out"
}]]>
    </line>
    <line>
      <![CDATA[upload error file failed{
    "statusCode": 400,
    "message": "java.net.SocketTimeoutException: Connect timed out"
}]]>
    </line>
    <line>
      <![CDATA[Get files....200]]>
    </line>
    <line>
      <![CDATA[update file failed{
    "statusCode": 400,
    "message": "java.net.SocketTimeoutException: Connect timed out"
}]]>
    </line>
    <line>
      <![CDATA[Failed to download error excel file. Status code: 400]]>
    </line>
    <line>
      <![CDATA[error file  fix failed{
    "statusCode": 400,
    "message": "java.net.SocketTimeoutException: Connect timed out"
}]]>
    </line>
    <line>
      <![CDATA[Delete excel file failed{
    "statusCode": 400,
    "message": "java.net.SocketTimeoutException: Connect timed out"
}]]>
    </line>
    <line>
      <![CDATA[GetFileByFileId....200]]>
    </line>
    <line>
      <![CDATA[Add Phrase....200]]>
    </line>
    <line>
      <![CDATA[Update Phrase....200]]>
    </line>
    <line>
      <![CDATA[Delete Phrase....200]]>
    </line>
    <line>
      <![CDATA[Get Phrase....200]]>
    </line>
    <line>
      <![CDATA[Upload pdf Fail....{
    "statusCode": 400,
    "message": "java.net.SocketTimeoutException: Connect timed out"
}]]>
    </line>
    <line>
      <![CDATA[Upload pdf Fail....{
    "statusCode": 400,
    "message": "java.net.SocketTimeoutException: Connect timed out"
}]]>
    </line>
    <line>
      <![CDATA[Get Files....200]]>
    </line>
    <line>
      <![CDATA[Delete Pdf Fail....{
    "statusCode": 400,
    "message": "java.net.SocketTimeoutException: Connect timed out"
}]]>
    </line>
    <line>
      <![CDATA[Search excel data....200]]>
    </line>
    <line>
      <![CDATA[Dashboard count....200]]>
    </line>
  </reporter-output>
  <suite started-at="2024-05-14T19:26:24 IST" name="Suite" finished-at="2024-05-14T19:34:56 IST" duration-ms="511891">
    <groups>
    </groups>
    <test started-at="2024-05-14T19:26:24 IST" name="Test" finished-at="2024-05-14T19:34:56 IST" duration-ms="511891">
      <class name="api.test.LoginTest">
        <test-method is-config="true" signature="setupData()[pri:0, instance:api.test.LoginTest@5884a914]" started-at="2024-05-14T19:26:24 IST" name="setupData" finished-at="2024-05-14T19:26:24 IST" duration-ms="22" status="PASS">
          <reporter-output>
          </reporter-output>
        </test-method> <!-- setupData -->
        <test-method signature="testLogin(org.testng.ITestContext)[pri:1, instance:api.test.LoginTest@5884a914]" started-at="2024-05-14T19:26:24 IST" name="testLogin" finished-at="2024-05-14T19:26:28 IST" duration-ms="3765" status="PASS">
          <params>
            <param index="0">
              <value>
                <![CDATA[org.testng.TestRunner@2b9ed6da]]>
              </value>
            </param>
          </params>
          <reporter-output>
            <line>
              <![CDATA[Login successfull....200]]>
            </line>
          </reporter-output>
        </test-method> <!-- testLogin -->
        <test-method signature="companyDetails()[pri:2, instance:api.test.LoginTest@5884a914]" started-at="2024-05-14T19:26:28 IST" name="companyDetails" finished-at="2024-05-14T19:26:29 IST" duration-ms="649" status="PASS">
          <reporter-output>
            <line>
              <![CDATA[get company details....200]]>
            </line>
          </reporter-output>
        </test-method> <!-- companyDetails -->
      </class> <!-- api.test.LoginTest -->
      <class name="api.test.ProjectTest">
        <test-method is-config="true" signature="setupData()[pri:0, instance:api.test.ProjectTest@16150369]" started-at="2024-05-14T19:26:39 IST" name="setupData" finished-at="2024-05-14T19:26:39 IST" duration-ms="18" status="PASS">
          <reporter-output>
          </reporter-output>
        </test-method> <!-- setupData -->
        <test-method signature="TestCreateProject()[pri:1, instance:api.test.ProjectTest@16150369]" started-at="2024-05-14T19:26:39 IST" name="TestCreateProject" finished-at="2024-05-14T19:26:39 IST" duration-ms="685" status="PASS">
          <reporter-output>
            <line>
              <![CDATA[Project Created....200]]>
            </line>
          </reporter-output>
        </test-method> <!-- TestCreateProject -->
        <test-method signature="TestCreateProject()[pri:1, instance:api.test.ProjectTest@16150369]" started-at="2024-05-14T19:26:39 IST" name="TestCreateProject" finished-at="2024-05-14T19:26:40 IST" duration-ms="687" status="PASS">
          <reporter-output>
            <line>
              <![CDATA[Project Created....200]]>
            </line>
          </reporter-output>
        </test-method> <!-- TestCreateProject -->
        <test-method signature="TestProjectDetails()[pri:2, instance:api.test.ProjectTest@16150369]" started-at="2024-05-14T19:26:40 IST" name="TestProjectDetails" finished-at="2024-05-14T19:26:41 IST" duration-ms="638" status="PASS">
          <reporter-output>
            <line>
              <![CDATA[Project Details....200]]>
            </line>
          </reporter-output>
        </test-method> <!-- TestProjectDetails -->
        <test-method signature="TestProjectUpdate()[pri:3, instance:api.test.ProjectTest@16150369]" started-at="2024-05-14T19:26:41 IST" name="TestProjectUpdate" finished-at="2024-05-14T19:26:41 IST" duration-ms="686" status="PASS">
          <reporter-output>
            <line>
              <![CDATA[Project Updated....200]]>
            </line>
          </reporter-output>
        </test-method> <!-- TestProjectUpdate -->
        <test-method signature="TestProjectDelete()[pri:4, instance:api.test.ProjectTest@16150369]" started-at="2024-05-14T19:26:41 IST" name="TestProjectDelete" finished-at="2024-05-14T19:26:42 IST" duration-ms="637" status="PASS">
          <reporter-output>
            <line>
              <![CDATA[Project Delete....200]]>
            </line>
          </reporter-output>
        </test-method> <!-- TestProjectDelete -->
      </class> <!-- api.test.ProjectTest -->
      <class name="api.test.TeamTest">
        <test-method is-config="true" signature="setupData()[pri:0, instance:api.test.TeamTest@4b520ea8]" started-at="2024-05-14T19:26:36 IST" name="setupData" finished-at="2024-05-14T19:26:36 IST" duration-ms="32" status="PASS">
          <reporter-output>
          </reporter-output>
        </test-method> <!-- setupData -->
        <test-method signature="TestCreateTeam()[pri:1, instance:api.test.TeamTest@4b520ea8]" started-at="2024-05-14T19:26:36 IST" name="TestCreateTeam" finished-at="2024-05-14T19:26:36 IST" duration-ms="613" status="PASS">
          <reporter-output>
            <line>
              <![CDATA[Team Created....200]]>
            </line>
          </reporter-output>
        </test-method> <!-- TestCreateTeam -->
        <test-method signature="TestCreateTeam()[pri:1, instance:api.test.TeamTest@4b520ea8]" started-at="2024-05-14T19:26:36 IST" name="TestCreateTeam" finished-at="2024-05-14T19:26:37 IST" duration-ms="643" status="PASS">
          <reporter-output>
            <line>
              <![CDATA[Team Created....200]]>
            </line>
          </reporter-output>
        </test-method> <!-- TestCreateTeam -->
        <test-method signature="TestTeamDetails()[pri:2, instance:api.test.TeamTest@4b520ea8]" started-at="2024-05-14T19:26:37 IST" name="TestTeamDetails" finished-at="2024-05-14T19:26:37 IST" duration-ms="580" status="PASS">
          <reporter-output>
            <line>
              <![CDATA[Team Details....200]]>
            </line>
          </reporter-output>
        </test-method> <!-- TestTeamDetails -->
        <test-method signature="TestTeamUpdate()[pri:3, instance:api.test.TeamTest@4b520ea8]" started-at="2024-05-14T19:26:37 IST" name="TestTeamUpdate" finished-at="2024-05-14T19:26:38 IST" duration-ms="630" status="PASS">
          <reporter-output>
            <line>
              <![CDATA[Team Update....200]]>
            </line>
          </reporter-output>
        </test-method> <!-- TestTeamUpdate -->
        <test-method signature="TestTeamDelete()[pri:4, instance:api.test.TeamTest@4b520ea8]" started-at="2024-05-14T19:26:38 IST" name="TestTeamDelete" finished-at="2024-05-14T19:26:39 IST" duration-ms="605" status="PASS">
          <reporter-output>
            <line>
              <![CDATA[Team Deleted....200]]>
            </line>
          </reporter-output>
        </test-method> <!-- TestTeamDelete -->
      </class> <!-- api.test.TeamTest -->
      <class name="api.test.PhraseTest">
        <test-method is-config="true" signature="setupData()[pri:0, instance:api.test.PhraseTest@624ea235]" started-at="2024-05-14T19:31:47 IST" name="setupData" finished-at="2024-05-14T19:31:47 IST" duration-ms="1" status="PASS">
          <reporter-output>
          </reporter-output>
        </test-method> <!-- setupData -->
        <test-method signature="testAddPhrase()[pri:1, instance:api.test.PhraseTest@624ea235]" started-at="2024-05-14T19:31:47 IST" name="testAddPhrase" finished-at="2024-05-14T19:31:48 IST" duration-ms="641" status="PASS">
          <reporter-output>
            <line>
              <![CDATA[Add Phrase....200]]>
            </line>
          </reporter-output>
        </test-method> <!-- testAddPhrase -->
        <test-method signature="testUpdatePhrase()[pri:2, instance:api.test.PhraseTest@624ea235]" started-at="2024-05-14T19:31:48 IST" name="testUpdatePhrase" finished-at="2024-05-14T19:31:49 IST" duration-ms="582" status="PASS">
          <reporter-output>
            <line>
              <![CDATA[Update Phrase....200]]>
            </line>
          </reporter-output>
        </test-method> <!-- testUpdatePhrase -->
        <test-method signature="testDeletePhrase()[pri:3, instance:api.test.PhraseTest@624ea235]" started-at="2024-05-14T19:31:49 IST" name="testDeletePhrase" finished-at="2024-05-14T19:31:49 IST" duration-ms="519" status="PASS">
          <reporter-output>
            <line>
              <![CDATA[Delete Phrase....200]]>
            </line>
          </reporter-output>
        </test-method> <!-- testDeletePhrase -->
        <test-method signature="testGetPhrase()[pri:4, instance:api.test.PhraseTest@624ea235]" started-at="2024-05-14T19:31:49 IST" name="testGetPhrase" finished-at="2024-05-14T19:31:50 IST" duration-ms="663" status="PASS">
          <reporter-output>
            <line>
              <![CDATA[Get Phrase....200]]>
            </line>
          </reporter-output>
        </test-method> <!-- testGetPhrase -->
      </class> <!-- api.test.PhraseTest -->
      <class name="api.test.EmployeeTest">
        <test-method is-config="true" signature="setupData()[pri:0, instance:api.test.EmployeeTest@5a5a729f]" started-at="2024-05-14T19:26:29 IST" name="setupData" finished-at="2024-05-14T19:26:29 IST" duration-ms="204" status="PASS">
          <reporter-output>
          </reporter-output>
        </test-method> <!-- setupData -->
        <test-method signature="testAddEmployee()[pri:1, instance:api.test.EmployeeTest@5a5a729f]" started-at="2024-05-14T19:26:29 IST" name="testAddEmployee" finished-at="2024-05-14T19:26:31 IST" duration-ms="2165" status="PASS">
          <reporter-output>
            <line>
              <![CDATA[Added Employee....200]]>
            </line>
          </reporter-output>
        </test-method> <!-- testAddEmployee -->
        <test-method signature="testAddEmployee()[pri:1, instance:api.test.EmployeeTest@5a5a729f]" started-at="2024-05-14T19:26:31 IST" name="testAddEmployee" finished-at="2024-05-14T19:26:33 IST" duration-ms="1851" status="PASS">
          <reporter-output>
            <line>
              <![CDATA[Added Employee....200]]>
            </line>
          </reporter-output>
        </test-method> <!-- testAddEmployee -->
        <test-method signature="testEmployeeDetails()[pri:2, instance:api.test.EmployeeTest@5a5a729f]" started-at="2024-05-14T19:26:33 IST" name="testEmployeeDetails" finished-at="2024-05-14T19:26:34 IST" duration-ms="547" status="PASS">
          <reporter-output>
            <line>
              <![CDATA[Employee Details....200]]>
            </line>
          </reporter-output>
        </test-method> <!-- testEmployeeDetails -->
        <test-method signature="TestUpdateEmployee()[pri:3, instance:api.test.EmployeeTest@5a5a729f]" started-at="2024-05-14T19:26:34 IST" name="TestUpdateEmployee" finished-at="2024-05-14T19:26:34 IST" duration-ms="671" status="PASS">
          <reporter-output>
            <line>
              <![CDATA[Update Employee....200]]>
            </line>
          </reporter-output>
        </test-method> <!-- TestUpdateEmployee -->
        <test-method signature="TestDeleteEmployee()[pri:4, instance:api.test.EmployeeTest@5a5a729f]" started-at="2024-05-14T19:26:34 IST" name="TestDeleteEmployee" finished-at="2024-05-14T19:26:35 IST" duration-ms="590" status="PASS">
          <reporter-output>
            <line>
              <![CDATA[Delete Employee....200]]>
            </line>
          </reporter-output>
        </test-method> <!-- TestDeleteEmployee -->
        <test-method signature="TestSearchEmployee()[pri:5, instance:api.test.EmployeeTest@5a5a729f]" started-at="2024-05-14T19:26:35 IST" name="TestSearchEmployee" finished-at="2024-05-14T19:26:36 IST" duration-ms="586" status="PASS">
          <reporter-output>
            <line>
              <![CDATA[Search Employee....200]]>
            </line>
          </reporter-output>
        </test-method> <!-- TestSearchEmployee -->
      </class> <!-- api.test.EmployeeTest -->
      <class name="api.test.SearchTest">
        <test-method is-config="true" signature="setupData()[pri:0, instance:api.test.SearchTest@782859e]" started-at="2024-05-14T19:34:55 IST" name="setupData" finished-at="2024-05-14T19:34:55 IST" duration-ms="2" status="PASS">
          <reporter-output>
          </reporter-output>
        </test-method> <!-- setupData -->
        <test-method signature="testSearchExcelData()[pri:1, instance:api.test.SearchTest@782859e]" started-at="2024-05-14T19:34:55 IST" name="testSearchExcelData" finished-at="2024-05-14T19:34:56 IST" duration-ms="685" status="PASS">
          <reporter-output>
            <line>
              <![CDATA[Search excel data....200]]>
            </line>
          </reporter-output>
        </test-method> <!-- testSearchExcelData -->
        <test-method signature="testDashboardCount()[pri:2, instance:api.test.SearchTest@782859e]" started-at="2024-05-14T19:34:56 IST" name="testDashboardCount" finished-at="2024-05-14T19:34:56 IST" duration-ms="574" status="SKIP">
          <exception class="org.testng.SkipException">
            <message>
              <![CDATA[Skip dashboard]]>
            </message>
            <full-stacktrace>
              <![CDATA[org.testng.SkipException: Skip dashboard
at api.test.SearchTest.testDashboardCount(SearchTest.java:82)
at java.base/jdk.internal.reflect.DirectMethodHandleAccessor.invoke(DirectMethodHandleAccessor.java:103)
at java.base/java.lang.reflect.Method.invoke(Method.java:580)
at org.testng.internal.MethodInvocationHelper.invokeMethod(MethodInvocationHelper.java:133)
at org.testng.internal.TestInvoker.invokeMethod(TestInvoker.java:598)
at org.testng.internal.TestInvoker.invokeTestMethod(TestInvoker.java:173)
at org.testng.internal.MethodRunner.runInSequence(MethodRunner.java:46)
at org.testng.internal.TestInvoker$MethodInvocationAgent.invoke(TestInvoker.java:824)
at org.testng.internal.TestInvoker.invokeTestMethods(TestInvoker.java:146)
at org.testng.internal.TestMethodWorker.invokeTestMethods(TestMethodWorker.java:146)
at org.testng.internal.TestMethodWorker.run(TestMethodWorker.java:128)
at java.base/java.util.ArrayList.forEach(ArrayList.java:1596)
at org.testng.TestRunner.privateRun(TestRunner.java:794)
at org.testng.TestRunner.run(TestRunner.java:596)
at org.testng.SuiteRunner.runTest(SuiteRunner.java:377)
at org.testng.SuiteRunner.runSequentially(SuiteRunner.java:371)
at org.testng.SuiteRunner.privateRun(SuiteRunner.java:332)
at org.testng.SuiteRunner.run(SuiteRunner.java:276)
at org.testng.SuiteRunnerWorker.runSuite(SuiteRunnerWorker.java:53)
at org.testng.SuiteRunnerWorker.run(SuiteRunnerWorker.java:96)
at org.testng.TestNG.runSuitesSequentially(TestNG.java:1212)
at org.testng.TestNG.runSuitesLocally(TestNG.java:1134)
at org.testng.TestNG.runSuites(TestNG.java:1063)
at org.testng.TestNG.run(TestNG.java:1031)
at org.testng.remote.AbstractRemoteTestNG.run(AbstractRemoteTestNG.java:115)
at org.testng.remote.RemoteTestNG.initAndRun(RemoteTestNG.java:251)
at org.testng.remote.RemoteTestNG.main(RemoteTestNG.java:77)
]]>
            </full-stacktrace>
          </exception> <!-- org.testng.SkipException -->
          <reporter-output>
            <line>
              <![CDATA[Dashboard count....200]]>
            </line>
          </reporter-output>
        </test-method> <!-- testDashboardCount -->
      </class> <!-- api.test.SearchTest -->
      <class name="api.test.PdfTest">
        <test-method is-config="true" signature="setupData()[pri:0, instance:api.test.PdfTest@3932c79a]" started-at="2024-05-14T19:31:50 IST" name="setupData" finished-at="2024-05-14T19:31:50 IST" duration-ms="2" status="PASS">
          <reporter-output>
          </reporter-output>
        </test-method> <!-- setupData -->
        <test-method signature="testUploadpdf()[pri:1, instance:api.test.PdfTest@3932c79a]" started-at="2024-05-14T19:31:50 IST" name="testUploadpdf" finished-at="2024-05-14T19:32:51 IST" duration-ms="61193" status="PASS">
          <reporter-output>
            <line>
              <![CDATA[Upload pdf Fail....{
    "statusCode": 400,
    "message": "java.net.SocketTimeoutException: Connect timed out"
}]]>
            </line>
          </reporter-output>
        </test-method> <!-- testUploadpdf -->
        <test-method signature="testUploadpdf()[pri:1, instance:api.test.PdfTest@3932c79a]" started-at="2024-05-14T19:32:51 IST" name="testUploadpdf" finished-at="2024-05-14T19:33:52 IST" duration-ms="61200" status="PASS">
          <reporter-output>
            <line>
              <![CDATA[Upload pdf Fail....{
    "statusCode": 400,
    "message": "java.net.SocketTimeoutException: Connect timed out"
}]]>
            </line>
          </reporter-output>
        </test-method> <!-- testUploadpdf -->
        <test-method signature="Getfiles()[pri:2, instance:api.test.PdfTest@3932c79a]" started-at="2024-05-14T19:33:52 IST" name="Getfiles" finished-at="2024-05-14T19:33:53 IST" duration-ms="551" status="PASS">
          <reporter-output>
            <line>
              <![CDATA[Get Files....200]]>
            </line>
          </reporter-output>
        </test-method> <!-- Getfiles -->
        <test-method signature="DeletePdf()[pri:3, instance:api.test.PdfTest@3932c79a]" started-at="2024-05-14T19:33:53 IST" name="DeletePdf" finished-at="2024-05-14T19:34:53 IST" duration-ms="60590" status="PASS">
          <reporter-output>
            <line>
              <![CDATA[Delete Pdf Fail....{
    "statusCode": 400,
    "message": "java.net.SocketTimeoutException: Connect timed out"
}]]>
            </line>
          </reporter-output>
        </test-method> <!-- DeletePdf -->
        <test-method signature="TestDownloadExcelfile()[pri:4, instance:api.test.PdfTest@3932c79a]" started-at="2024-05-14T19:34:53 IST" name="TestDownloadExcelfile" finished-at="2024-05-14T19:34:55 IST" duration-ms="1667" status="SKIP">
          <exception class="org.testng.SkipException">
            <message>
              <![CDATA[Skip Pdf Download]]>
            </message>
            <full-stacktrace>
              <![CDATA[org.testng.SkipException: Skip Pdf Download
at api.test.PdfTest.TestDownloadExcelfile(PdfTest.java:129)
at java.base/jdk.internal.reflect.DirectMethodHandleAccessor.invoke(DirectMethodHandleAccessor.java:103)
at java.base/java.lang.reflect.Method.invoke(Method.java:580)
at org.testng.internal.MethodInvocationHelper.invokeMethod(MethodInvocationHelper.java:133)
at org.testng.internal.TestInvoker.invokeMethod(TestInvoker.java:598)
at org.testng.internal.TestInvoker.invokeTestMethod(TestInvoker.java:173)
at org.testng.internal.MethodRunner.runInSequence(MethodRunner.java:46)
at org.testng.internal.TestInvoker$MethodInvocationAgent.invoke(TestInvoker.java:824)
at org.testng.internal.TestInvoker.invokeTestMethods(TestInvoker.java:146)
at org.testng.internal.TestMethodWorker.invokeTestMethods(TestMethodWorker.java:146)
at org.testng.internal.TestMethodWorker.run(TestMethodWorker.java:128)
at java.base/java.util.ArrayList.forEach(ArrayList.java:1596)
at org.testng.TestRunner.privateRun(TestRunner.java:794)
at org.testng.TestRunner.run(TestRunner.java:596)
at org.testng.SuiteRunner.runTest(SuiteRunner.java:377)
at org.testng.SuiteRunner.runSequentially(SuiteRunner.java:371)
at org.testng.SuiteRunner.privateRun(SuiteRunner.java:332)
at org.testng.SuiteRunner.run(SuiteRunner.java:276)
at org.testng.SuiteRunnerWorker.runSuite(SuiteRunnerWorker.java:53)
at org.testng.SuiteRunnerWorker.run(SuiteRunnerWorker.java:96)
at org.testng.TestNG.runSuitesSequentially(TestNG.java:1212)
at org.testng.TestNG.runSuitesLocally(TestNG.java:1134)
at org.testng.TestNG.runSuites(TestNG.java:1063)
at org.testng.TestNG.run(TestNG.java:1031)
at org.testng.remote.AbstractRemoteTestNG.run(AbstractRemoteTestNG.java:115)
at org.testng.remote.RemoteTestNG.initAndRun(RemoteTestNG.java:251)
at org.testng.remote.RemoteTestNG.main(RemoteTestNG.java:77)
]]>
            </full-stacktrace>
          </exception> <!-- org.testng.SkipException -->
          <reporter-output>
          </reporter-output>
        </test-method> <!-- TestDownloadExcelfile -->
      </class> <!-- api.test.PdfTest -->
      <class name="api.test.UploadFileTest">
        <test-method is-config="true" signature="setupData()[pri:0, instance:api.test.UploadFileTest@6b09fb41]" started-at="2024-05-14T19:26:42 IST" name="setupData" finished-at="2024-05-14T19:26:42 IST" duration-ms="4" status="PASS">
          <reporter-output>
          </reporter-output>
        </test-method> <!-- setupData -->
        <test-method signature="testUploadfile()[pri:1, instance:api.test.UploadFileTest@6b09fb41]" started-at="2024-05-14T19:26:42 IST" name="testUploadfile" finished-at="2024-05-14T19:27:43 IST" duration-ms="60673" status="PASS">
          <reporter-output>
            <line>
              <![CDATA[upload file failed{
    "statusCode": 400,
    "message": "java.net.SocketTimeoutException: Connect timed out"
}]]>
            </line>
          </reporter-output>
        </test-method> <!-- testUploadfile -->
        <test-method signature="testUploadErrorfile()[pri:2, instance:api.test.UploadFileTest@6b09fb41]" started-at="2024-05-14T19:27:43 IST" name="testUploadErrorfile" finished-at="2024-05-14T19:28:43 IST" duration-ms="60683" status="PASS">
          <reporter-output>
            <line>
              <![CDATA[upload error file failed{
    "statusCode": 400,
    "message": "java.net.SocketTimeoutException: Connect timed out"
}]]>
            </line>
          </reporter-output>
        </test-method> <!-- testUploadErrorfile -->
        <test-method signature="Getfiles()[pri:3, instance:api.test.UploadFileTest@6b09fb41]" started-at="2024-05-14T19:28:43 IST" name="Getfiles" finished-at="2024-05-14T19:28:44 IST" duration-ms="595" status="PASS">
          <reporter-output>
            <line>
              <![CDATA[Get files....200]]>
            </line>
          </reporter-output>
        </test-method> <!-- Getfiles -->
        <test-method signature="Updatefile()[pri:4, instance:api.test.UploadFileTest@6b09fb41]" started-at="2024-05-14T19:28:44 IST" name="Updatefile" finished-at="2024-05-14T19:29:45 IST" duration-ms="60780" status="PASS">
          <reporter-output>
            <line>
              <![CDATA[update file failed{
    "statusCode": 400,
    "message": "java.net.SocketTimeoutException: Connect timed out"
}]]>
            </line>
          </reporter-output>
        </test-method> <!-- Updatefile -->
        <test-method signature="TestDownloadExcelfile()[pri:5, instance:api.test.UploadFileTest@6b09fb41]" started-at="2024-05-14T19:29:45 IST" name="TestDownloadExcelfile" finished-at="2024-05-14T19:29:45 IST" duration-ms="640" status="SKIP">
          <exception class="org.testng.SkipException">
            <message>
              <![CDATA[Skip excel Download]]>
            </message>
            <full-stacktrace>
              <![CDATA[org.testng.SkipException: Skip excel Download
at api.test.UploadFileTest.TestDownloadExcelfile(UploadFileTest.java:176)
at java.base/jdk.internal.reflect.DirectMethodHandleAccessor.invoke(DirectMethodHandleAccessor.java:103)
at java.base/java.lang.reflect.Method.invoke(Method.java:580)
at org.testng.internal.MethodInvocationHelper.invokeMethod(MethodInvocationHelper.java:133)
at org.testng.internal.TestInvoker.invokeMethod(TestInvoker.java:598)
at org.testng.internal.TestInvoker.invokeTestMethod(TestInvoker.java:173)
at org.testng.internal.MethodRunner.runInSequence(MethodRunner.java:46)
at org.testng.internal.TestInvoker$MethodInvocationAgent.invoke(TestInvoker.java:824)
at org.testng.internal.TestInvoker.invokeTestMethods(TestInvoker.java:146)
at org.testng.internal.TestMethodWorker.invokeTestMethods(TestMethodWorker.java:146)
at org.testng.internal.TestMethodWorker.run(TestMethodWorker.java:128)
at java.base/java.util.ArrayList.forEach(ArrayList.java:1596)
at org.testng.TestRunner.privateRun(TestRunner.java:794)
at org.testng.TestRunner.run(TestRunner.java:596)
at org.testng.SuiteRunner.runTest(SuiteRunner.java:377)
at org.testng.SuiteRunner.runSequentially(SuiteRunner.java:371)
at org.testng.SuiteRunner.privateRun(SuiteRunner.java:332)
at org.testng.SuiteRunner.run(SuiteRunner.java:276)
at org.testng.SuiteRunnerWorker.runSuite(SuiteRunnerWorker.java:53)
at org.testng.SuiteRunnerWorker.run(SuiteRunnerWorker.java:96)
at org.testng.TestNG.runSuitesSequentially(TestNG.java:1212)
at org.testng.TestNG.runSuitesLocally(TestNG.java:1134)
at org.testng.TestNG.runSuites(TestNG.java:1063)
at org.testng.TestNG.run(TestNG.java:1031)
at org.testng.remote.AbstractRemoteTestNG.run(AbstractRemoteTestNG.java:115)
at org.testng.remote.RemoteTestNG.initAndRun(RemoteTestNG.java:251)
at org.testng.remote.RemoteTestNG.main(RemoteTestNG.java:77)
]]>
            </full-stacktrace>
          </exception> <!-- org.testng.SkipException -->
          <reporter-output>
            <line>
              <![CDATA[Failed to download error excel file. Status code: 400]]>
            </line>
          </reporter-output>
        </test-method> <!-- TestDownloadExcelfile -->
        <test-method signature="testErrorfilefix()[pri:6, instance:api.test.UploadFileTest@6b09fb41]" started-at="2024-05-14T19:29:45 IST" name="testErrorfilefix" finished-at="2024-05-14T19:30:46 IST" duration-ms="60662" status="PASS">
          <reporter-output>
            <line>
              <![CDATA[error file  fix failed{
    "statusCode": 400,
    "message": "java.net.SocketTimeoutException: Connect timed out"
}]]>
            </line>
          </reporter-output>
        </test-method> <!-- testErrorfilefix -->
        <test-method signature="Deletefile()[pri:7, instance:api.test.UploadFileTest@6b09fb41]" started-at="2024-05-14T19:30:46 IST" name="Deletefile" finished-at="2024-05-14T19:31:47 IST" duration-ms="60622" status="PASS">
          <reporter-output>
            <line>
              <![CDATA[Delete excel file failed{
    "statusCode": 400,
    "message": "java.net.SocketTimeoutException: Connect timed out"
}]]>
            </line>
          </reporter-output>
        </test-method> <!-- Deletefile -->
        <test-method signature="GetFileByFileId()[pri:8, instance:api.test.UploadFileTest@6b09fb41]" started-at="2024-05-14T19:31:47 IST" name="GetFileByFileId" finished-at="2024-05-14T19:31:47 IST" duration-ms="599" status="PASS">
          <reporter-output>
            <line>
              <![CDATA[GetFileByFileId....200]]>
            </line>
          </reporter-output>
        </test-method> <!-- GetFileByFileId -->
      </class> <!-- api.test.UploadFileTest -->
    </test> <!-- Test -->
  </suite> <!-- Suite -->
</testng-results>
