<?xml version="1.0" encoding="UTF-8"?>
<!-- Generated by org.testng.reporters.JUnitXMLReporter -->
<testsuite ignored="0" hostname="Trudosys" failures="0" tests="5" name="Default test" time="6.031" errors="0" timestamp="2024-08-06T09:57:12 IST">
  <testcase classname="api.test.LoginTest" name="LoginWithValidCredentials" time="3.104"/>
  <testcase classname="api.test.LoginTest" name="LoginWithInvalidcredentials" time="0.683"/>
  <testcase classname="api.test.LoginTest" name="LoginWithInvalidEmail" time="0.643"/>
  <testcase classname="api.test.LoginTest" name="LoginWithEmptyValues" time="0.702"/>
  <testcase classname="api.test.LoginTest" name="LoginWithNullValues" time="0.734"/>
</testsuite> <!-- Default test -->
