<?xml version="1.0" encoding="UTF-8"?>
<!-- Generated by org.testng.reporters.JUnitReportReporter -->
<testsuite hostname="DESKTOP-SR5ISP2" failures="0" tests="6" name="api.test.EmployeeTest" time="6.410" errors="0" timestamp="2024-05-14T19:34:56 IST" skipped="0">
  <testcase classname="api.test.EmployeeTest" name="testAddEmployee" time="2.165"/>
  <system-out>
    <![CDATA[Added Employee....200]]>
  </system-out>
  <testcase classname="api.test.EmployeeTest" name="testAddEmployee" time="1.851"/>
  <system-out>
    <![CDATA[Added Employee....200]]>
  </system-out>
  <testcase classname="api.test.EmployeeTest" name="testEmployeeDetails" time="0.547"/>
  <system-out>
    <![CDATA[Employee Details....200]]>
  </system-out>
  <testcase classname="api.test.EmployeeTest" name="TestUpdateEmployee" time="0.671"/>
  <system-out>
    <![CDATA[Update Employee....200]]>
  </system-out>
  <testcase classname="api.test.EmployeeTest" name="TestDeleteEmployee" time="0.590"/>
  <system-out>
    <![CDATA[Delete Employee....200]]>
  </system-out>
  <testcase classname="api.test.EmployeeTest" name="TestSearchEmployee" time="0.586"/>
  <system-out>
    <![CDATA[Search Employee....200]]>
  </system-out>
</testsuite> <!-- api.test.EmployeeTest -->
