<?xml version="1.0" encoding="UTF-8"?>
<!-- Generated by org.testng.reporters.JUnitReportReporter -->
<testsuite hostname="DESKTOP-SR5ISP2" failures="0" tests="5" name="api.test.ProjectTest" time="3.333" errors="0" timestamp="2024-05-14T19:34:56 IST" skipped="0">
  <testcase classname="api.test.ProjectTest" name="TestCreateProject" time="0.685"/>
  <system-out>
    <![CDATA[Project Created....200]]>
  </system-out>
  <testcase classname="api.test.ProjectTest" name="TestCreateProject" time="0.687"/>
  <system-out>
    <![CDATA[Project Created....200]]>
  </system-out>
  <testcase classname="api.test.ProjectTest" name="TestProjectDetails" time="0.638"/>
  <system-out>
    <![CDATA[Project Details....200]]>
  </system-out>
  <testcase classname="api.test.ProjectTest" name="TestProjectUpdate" time="0.686"/>
  <system-out>
    <![CDATA[Project Updated....200]]>
  </system-out>
  <testcase classname="api.test.ProjectTest" name="TestProjectDelete" time="0.637"/>
  <system-out>
    <![CDATA[Project Delete....200]]>
  </system-out>
</testsuite> <!-- api.test.ProjectTest -->
