<?xml version="1.0" encoding="UTF-8"?>
<!-- Generated by org.testng.reporters.JUnitReportReporter -->
<testsuite hostname="DESKTOP-SR5ISP2" failures="0" tests="8" name="api.test.UploadFileTest" time="305.254" errors="0" timestamp="2024-05-14T19:34:56 IST" skipped="1">
  <testcase classname="api.test.UploadFileTest" name="testUploadfile" time="60.673"/>
  <system-out>
    <![CDATA[upload file failed{
    "statusCode": 400,
    "message": "java.net.SocketTimeoutException: Connect timed out"
}]]>
  </system-out>
  <testcase classname="api.test.UploadFileTest" name="testUploadErrorfile" time="60.683"/>
  <system-out>
    <![CDATA[upload error file failed{
    "statusCode": 400,
    "message": "java.net.SocketTimeoutException: Connect timed out"
}]]>
  </system-out>
  <testcase classname="api.test.UploadFileTest" name="Getfiles" time="0.595"/>
  <system-out>
    <![CDATA[Get files....200]]>
  </system-out>
  <testcase classname="api.test.UploadFileTest" name="Updatefile" time="60.780"/>
  <system-out>
    <![CDATA[update file failed{
    "statusCode": 400,
    "message": "java.net.SocketTimeoutException: Connect timed out"
}]]>
  </system-out>
  <testcase classname="api.test.UploadFileTest" name="TestDownloadExcelfile" time="0.640">
    <skipped/>
  </testcase> <!-- TestDownloadExcelfile -->
  <system-out>
    <![CDATA[Failed to download error excel file. Status code: 400]]>
  </system-out>
  <testcase classname="api.test.UploadFileTest" name="testErrorfilefix" time="60.662"/>
  <system-out>
    <![CDATA[error file  fix failed{
    "statusCode": 400,
    "message": "java.net.SocketTimeoutException: Connect timed out"
}]]>
  </system-out>
  <testcase classname="api.test.UploadFileTest" name="Deletefile" time="60.622"/>
  <system-out>
    <![CDATA[Delete excel file failed{
    "statusCode": 400,
    "message": "java.net.SocketTimeoutException: Connect timed out"
}]]>
  </system-out>
  <testcase classname="api.test.UploadFileTest" name="GetFileByFileId" time="0.599"/>
  <system-out>
    <![CDATA[GetFileByFileId....200]]>
  </system-out>
</testsuite> <!-- api.test.UploadFileTest -->
