<?xml version="1.0" encoding="UTF-8"?>
<!-- Generated by org.testng.reporters.JUnitReportReporter -->
<testsuite hostname="DESKTOP-SR5ISP2" failures="0" tests="3" name="api.test.SearchTest" time="1.890" errors="0" timestamp="2024-05-08T20:23:51 IST" skipped="1">
  <testcase classname="api.test.SearchTest" name="testSearchExcelData" time="0.637"/>
  <system-out>
    <![CDATA[Search excel data....200]]>
  </system-out>
  <testcase classname="api.test.SearchTest" name="testSearchPdfData" time="0.592"/>
  <system-out>
    <![CDATA[Search pdf data....200]]>
  </system-out>
  <testcase classname="api.test.SearchTest" name="testDashboardCount" time="0.661">
    <skipped/>
  </testcase> <!-- testDashboardCount -->
  <system-out>
    <![CDATA[Dashboard count....200]]>
  </system-out>
</testsuite> <!-- api.test.SearchTest -->
