<?xml version="1.0" encoding="UTF-8"?>
<!-- Generated by org.testng.reporters.JUnitReportReporter -->
<testsuite hostname="DESKTOP-SR5ISP2" failures="0" tests="5" name="api.test.PdfTest" time="185.201" errors="0" timestamp="2024-05-14T19:34:56 IST" skipped="1">
  <testcase classname="api.test.PdfTest" name="testUploadpdf" time="61.193"/>
  <system-out>
    <![CDATA[Upload pdf Fail....{
    "statusCode": 400,
    "message": "java.net.SocketTimeoutException: Connect timed out"
}]]>
  </system-out>
  <testcase classname="api.test.PdfTest" name="testUploadpdf" time="61.200"/>
  <system-out>
    <![CDATA[Upload pdf Fail....{
    "statusCode": 400,
    "message": "java.net.SocketTimeoutException: Connect timed out"
}]]>
  </system-out>
  <testcase classname="api.test.PdfTest" name="Getfiles" time="0.551"/>
  <system-out>
    <![CDATA[Get Files....200]]>
  </system-out>
  <testcase classname="api.test.PdfTest" name="DeletePdf" time="60.590"/>
  <system-out>
    <![CDATA[Delete Pdf Fail....{
    "statusCode": 400,
    "message": "java.net.SocketTimeoutException: Connect timed out"
}]]>
  </system-out>
  <testcase classname="api.test.PdfTest" name="TestDownloadExcelfile" time="1.667">
    <skipped/>
  </testcase> <!-- TestDownloadExcelfile -->
  <system-out/>
</testsuite> <!-- api.test.PdfTest -->
