<?xml version="1.0" encoding="UTF-8"?>
<!-- Generated by org.testng.reporters.JUnitReportReporter -->
<testsuite hostname="DESKTOP-SR5ISP2" failures="0" tests="8" name="api.test.UploadFileTest" time="4.922" errors="0" timestamp="2024-05-08T20:23:51 IST" skipped="1">
  <testcase classname="api.test.UploadFileTest" name="testUploadfile" time="0.709"/>
  <system-out>
    <![CDATA[upload file....201]]>
  </system-out>
  <testcase classname="api.test.UploadFileTest" name="testUploadErrorfile" time="0.646"/>
  <system-out>
    <![CDATA[upload error file....201]]>
  </system-out>
  <testcase classname="api.test.UploadFileTest" name="Getfiles" time="0.583"/>
  <system-out>
    <![CDATA[Get files....200]]>
  </system-out>
  <testcase classname="api.test.UploadFileTest" name="Updatefile" time="0.611"/>
  <system-out>
    <![CDATA[update file....200]]>
  </system-out>
  <testcase classname="api.test.UploadFileTest" name="TestDownloadExcelfile" time="0.588">
    <skipped/>
  </testcase> <!-- TestDownloadExcelfile -->
  <system-out/>
  <testcase classname="api.test.UploadFileTest" name="testErrorfilefix" time="0.620"/>
  <system-out>
    <![CDATA[Error File fix fix....200]]>
  </system-out>
  <testcase classname="api.test.UploadFileTest" name="Deletefile" time="0.579"/>
  <system-out>
    <![CDATA[Delete excel files....200]]>
  </system-out>
  <testcase classname="api.test.UploadFileTest" name="GetFileByFileId" time="0.586"/>
  <system-out>
    <![CDATA[GetFileByFileId....200]]>
  </system-out>
</testsuite> <!-- api.test.UploadFileTest -->
