<?xml version="1.0" encoding="UTF-8"?>
<!-- Generated by org.testng.reporters.JUnitReportReporter -->
<testsuite hostname="DESKTOP-SR5ISP2" failures="0" tests="5" name="api.test.PdfTest" time="4.666" errors="0" timestamp="2024-05-08T20:23:51 IST" skipped="1">
  <testcase classname="api.test.PdfTest" name="testUploadpdf" time="1.180"/>
  <system-out>
    <![CDATA[Upload pdf....201]]>
  </system-out>
  <testcase classname="api.test.PdfTest" name="testUploadpdf" time="1.194"/>
  <system-out>
    <![CDATA[Upload pdf....201]]>
  </system-out>
  <testcase classname="api.test.PdfTest" name="Getfiles" time="0.568"/>
  <system-out>
    <![CDATA[Get Files....200]]>
  </system-out>
  <testcase classname="api.test.PdfTest" name="DeletePdf" time="0.558"/>
  <system-out>
    <![CDATA[Delete Pdf....200]]>
  </system-out>
  <testcase classname="api.test.PdfTest" name="TestDownloadExcelfile" time="1.166">
    <skipped/>
  </testcase> <!-- TestDownloadExcelfile -->
  <system-out/>
</testsuite> <!-- api.test.PdfTest -->
