<?xml version="1.0" encoding="UTF-8"?>
<!-- Generated by org.testng.reporters.JUnitReportReporter -->
<testsuite hostname="DESKTOP-SR5ISP2" failures="0" tests="5" name="api.test.TeamTest" time="3.280" errors="0" timestamp="2024-05-08T20:23:51 IST" skipped="0">
  <testcase classname="api.test.TeamTest" name="TestCreateTeam" time="0.656"/>
  <system-out>
    <![CDATA[Team Created....200]]>
  </system-out>
  <testcase classname="api.test.TeamTest" name="TestCreateTeam" time="0.674"/>
  <system-out>
    <![CDATA[Team Created....200]]>
  </system-out>
  <testcase classname="api.test.TeamTest" name="TestTeamDetails" time="0.701"/>
  <system-out>
    <![CDATA[Team Details....200]]>
  </system-out>
  <testcase classname="api.test.TeamTest" name="TestTeamUpdate" time="0.617"/>
  <system-out>
    <![CDATA[Team Update....200]]>
  </system-out>
  <testcase classname="api.test.TeamTest" name="TestTeamDelete" time="0.632"/>
  <system-out>
    <![CDATA[Team Deleted....200]]>
  </system-out>
</testsuite> <!-- api.test.TeamTest -->
