<?xml version="1.0" encoding="UTF-8"?>
<!-- Generated by org.testng.reporters.JUnitReportReporter -->
<testsuite hostname="DESKTOP-SR5ISP2" failures="0" tests="2" name="api.test.SearchTest" time="1.259" errors="0" timestamp="2024-05-14T19:34:56 IST" skipped="1">
  <testcase classname="api.test.SearchTest" name="testSearchExcelData" time="0.685"/>
  <system-out>
    <![CDATA[Search excel data....200]]>
  </system-out>
  <testcase classname="api.test.SearchTest" name="testDashboardCount" time="0.574">
    <skipped/>
  </testcase> <!-- testDashboardCount -->
  <system-out>
    <![CDATA[Dashboard count....200]]>
  </system-out>
</testsuite> <!-- api.test.SearchTest -->
