<?xml version="1.0" encoding="UTF-8"?>
<!-- Generated by org.testng.reporters.JUnitReportReporter -->
<testsuite hostname="DESKTOP-SR5ISP2" failures="0" tests="4" name="api.test.PhraseTest" time="2.861" errors="0" timestamp="2024-05-08T20:23:51 IST" skipped="0">
  <testcase classname="api.test.PhraseTest" name="testAddPhrase" time="0.614"/>
  <system-out>
    <![CDATA[Add Phrase....200]]>
  </system-out>
  <testcase classname="api.test.PhraseTest" name="testUpdatePhrase" time="0.587"/>
  <system-out>
    <![CDATA[Update Phrase....200]]>
  </system-out>
  <testcase classname="api.test.PhraseTest" name="testDeletePhrase" time="0.570"/>
  <system-out>
    <![CDATA[Delete Phrase....200]]>
  </system-out>
  <testcase classname="api.test.PhraseTest" name="testGetPhrase" time="1.090"/>
  <system-out>
    <![CDATA[Get Phrase....200]]>
  </system-out>
</testsuite> <!-- api.test.PhraseTest -->
