<?xml version="1.0" encoding="UTF-8"?>
<!-- Generated by org.testng.reporters.JUnitReportReporter -->
<testsuite hostname="DESKTOP-SR5ISP2" failures="0" tests="5" name="api.test.ProjectTest" time="3.709" errors="0" timestamp="2024-05-08T20:23:51 IST" skipped="0">
  <testcase classname="api.test.ProjectTest" name="TestCreateProject" time="0.779"/>
  <system-out>
    <![CDATA[Project Created....200]]>
  </system-out>
  <testcase classname="api.test.ProjectTest" name="TestCreateProject" time="0.722"/>
  <system-out>
    <![CDATA[Project Created....200]]>
  </system-out>
  <testcase classname="api.test.ProjectTest" name="TestProjectDetails" time="0.696"/>
  <system-out>
    <![CDATA[Project Details....200]]>
  </system-out>
  <testcase classname="api.test.ProjectTest" name="TestProjectUpdate" time="0.759"/>
  <system-out>
    <![CDATA[Project Updated....200]]>
  </system-out>
  <testcase classname="api.test.ProjectTest" name="TestProjectDelete" time="0.753"/>
  <system-out>
    <![CDATA[Project Delete....200]]>
  </system-out>
</testsuite> <!-- api.test.ProjectTest -->
