<?xml version="1.0" encoding="UTF-8"?>
<!-- Generated by org.testng.reporters.JUnitReportReporter -->
<testsuite hostname="DESKTOP-SR5ISP2" failures="0" tests="2" name="api.test.LoginTest" time="4.414" errors="0" timestamp="2024-05-14T19:34:56 IST" skipped="0">
  <testcase classname="api.test.LoginTest" name="testLogin" time="3.765"/>
  <system-out>
    <![CDATA[Login successfull....200]]>
  </system-out>
  <testcase classname="api.test.LoginTest" name="companyDetails" time="0.649"/>
  <system-out>
    <![CDATA[get company details....200]]>
  </system-out>
</testsuite> <!-- api.test.LoginTest -->
