<?xml version="1.0" encoding="UTF-8"?>
<!-- Generated by org.testng.reporters.JUnitReportReporter -->
<testsuite hostname="DESKTOP-SR5ISP2" failures="0" tests="6" name="api.test.EmployeeTest" time="7.404" errors="0" timestamp="2024-04-11T06:33:18 IST" skipped="0">
  <testcase classname="api.test.EmployeeTest" name="testAddEmployee" time="2.199">
    <system-out>
      <![CDATA[Added Employee....]]>
    </system-out>
  </testcase> <!-- testAddEmployee -->
  <testcase classname="api.test.EmployeeTest" name="testAddEmployee" time="2.150">
    <system-out>
      <![CDATA[Added Employee....]]>
    </system-out>
  </testcase> <!-- testAddEmployee -->
  <testcase classname="api.test.EmployeeTest" name="testEmployeeDetails" time="0.676">
    <system-out>
      <![CDATA[Employee Details....]]>
    </system-out>
  </testcase> <!-- testEmployeeDetails -->
  <testcase classname="api.test.EmployeeTest" name="TestUpdateEmployee" time="0.932">
    <system-out>
      <![CDATA[Update Employee....]]>
    </system-out>
  </testcase> <!-- TestUpdateEmployee -->
  <testcase classname="api.test.EmployeeTest" name="TestDeleteEmployee" time="0.681">
    <system-out>
      <![CDATA[Delete Employee....]]>
    </system-out>
  </testcase> <!-- TestDeleteEmployee -->
  <testcase classname="api.test.EmployeeTest" name="TestSearchEmployee" time="0.766">
    <system-out>
      <![CDATA[Search Employee....]]>
    </system-out>
  </testcase> <!-- TestSearchEmployee -->
  <system-out>
    <![CDATA[login successfull....
Get Company Details....
Added Employee....
Added Employee....
Employee Details....
Update Employee....
Delete Employee....
Search Employee....
Team Created....
Team Created....
Team Details....
Team Updated....
Team Deleted....
Project Created....
Project Created....
Project Details....
Project Updated....
Project Deleted....
Upload File....
Upload Error File....
Get Files....
Update File....
Error File Fix....
Delete File....
GetFileByFileId....
phrase Added successfully.
phrase updated
Delete Phrase....
Get Phrase....]]>
  </system-out>
</testsuite> <!-- api.test.EmployeeTest -->
