<?xml version="1.0" encoding="UTF-8"?>
<!-- Generated by org.testng.reporters.JUnitReportReporter -->
<testsuite hostname="DESKTOP-SR5ISP2" failures="0" tests="5" name="api.test.ProjectTest" time="4.058" errors="0" timestamp="2024-04-11T06:33:18 IST" skipped="0">
  <testcase classname="api.test.ProjectTest" name="TestCreateProject" time="0.824">
    <system-out>
      <![CDATA[Project Created....]]>
    </system-out>
  </testcase> <!-- TestCreateProject -->
  <testcase classname="api.test.ProjectTest" name="TestCreateProject" time="0.758">
    <system-out>
      <![CDATA[Project Created....]]>
    </system-out>
  </testcase> <!-- TestCreateProject -->
  <testcase classname="api.test.ProjectTest" name="TestProjectDetails" time="0.841">
    <system-out>
      <![CDATA[Project Details....]]>
    </system-out>
  </testcase> <!-- TestProjectDetails -->
  <testcase classname="api.test.ProjectTest" name="TestProjectUpdate" time="0.866">
    <system-out>
      <![CDATA[Project Updated....]]>
    </system-out>
  </testcase> <!-- TestProjectUpdate -->
  <testcase classname="api.test.ProjectTest" name="TestProjectDelete" time="0.769">
    <system-out>
      <![CDATA[Project Deleted....]]>
    </system-out>
  </testcase> <!-- TestProjectDelete -->
  <system-out>
    <![CDATA[login successfull....
Get Company Details....
Added Employee....
Added Employee....
Employee Details....
Update Employee....
Delete Employee....
Search Employee....
Team Created....
Team Created....
Team Details....
Team Updated....
Team Deleted....
Project Created....
Project Created....
Project Details....
Project Updated....
Project Deleted....
Upload File....
Upload Error File....
Get Files....
Update File....
Error File Fix....
Delete File....
GetFileByFileId....
phrase Added successfully.
phrase updated
Delete Phrase....
Get Phrase....]]>
  </system-out>
</testsuite> <!-- api.test.ProjectTest -->
