<?xml version="1.0" encoding="UTF-8"?>
<!-- Generated by org.testng.reporters.JUnitReportReporter -->
<testsuite hostname="DESKTOP-SR5ISP2" failures="0" tests="5" name="api.test.TeamTest" time="3.685" errors="0" timestamp="2024-04-11T06:33:18 IST" skipped="0">
  <testcase classname="api.test.TeamTest" name="TestCreateTeam" time="0.727">
    <system-out>
      <![CDATA[Team Created....]]>
    </system-out>
  </testcase> <!-- TestCreateTeam -->
  <testcase classname="api.test.TeamTest" name="TestCreateTeam" time="0.836">
    <system-out>
      <![CDATA[Team Created....]]>
    </system-out>
  </testcase> <!-- TestCreateTeam -->
  <testcase classname="api.test.TeamTest" name="TestTeamDetails" time="0.784">
    <system-out>
      <![CDATA[Team Details....]]>
    </system-out>
  </testcase> <!-- TestTeamDetails -->
  <testcase classname="api.test.TeamTest" name="TestTeamUpdate" time="0.709">
    <system-out>
      <![CDATA[Team Updated....]]>
    </system-out>
  </testcase> <!-- TestTeamUpdate -->
  <testcase classname="api.test.TeamTest" name="TestTeamDelete" time="0.629">
    <system-out>
      <![CDATA[Team Deleted....]]>
    </system-out>
  </testcase> <!-- TestTeamDelete -->
  <system-out>
    <![CDATA[login successfull....
Get Company Details....
Added Employee....
Added Employee....
Employee Details....
Update Employee....
Delete Employee....
Search Employee....
Team Created....
Team Created....
Team Details....
Team Updated....
Team Deleted....
Project Created....
Project Created....
Project Details....
Project Updated....
Project Deleted....
Upload File....
Upload Error File....
Get Files....
Update File....
Error File Fix....
Delete File....
GetFileByFileId....
phrase Added successfully.
phrase updated
Delete Phrase....
Get Phrase....]]>
  </system-out>
</testsuite> <!-- api.test.TeamTest -->
