<?xml version="1.0" encoding="UTF-8"?>
<!-- Generated by org.testng.reporters.JUnitReportReporter -->
<testsuite hostname="DESKTOP-SR5ISP2" failures="0" tests="4" name="api.test.PhraseTest" time="2.731" errors="0" timestamp="2024-04-11T06:33:18 IST" skipped="0">
  <testcase classname="api.test.PhraseTest" name="testAddPhrase" time="0.654">
    <system-out>
      <![CDATA[phrase Added successfully.]]>
    </system-out>
  </testcase> <!-- testAddPhrase -->
  <testcase classname="api.test.PhraseTest" name="testUpdatePhrase" time="0.686">
    <system-out>
      <![CDATA[phrase updated]]>
    </system-out>
  </testcase> <!-- testUpdatePhrase -->
  <testcase classname="api.test.PhraseTest" name="testDeletePhrase" time="0.601">
    <system-out>
      <![CDATA[Delete Phrase....]]>
    </system-out>
  </testcase> <!-- testDeletePhrase -->
  <testcase classname="api.test.PhraseTest" name="testGetPhrase" time="0.790">
    <system-out>
      <![CDATA[Get Phrase....]]>
    </system-out>
  </testcase> <!-- testGetPhrase -->
  <system-out>
    <![CDATA[login successfull....
Get Company Details....
Added Employee....
Added Employee....
Employee Details....
Update Employee....
Delete Employee....
Search Employee....
Team Created....
Team Created....
Team Details....
Team Updated....
Team Deleted....
Project Created....
Project Created....
Project Details....
Project Updated....
Project Deleted....
Upload File....
Upload Error File....
Get Files....
Update File....
Error File Fix....
Delete File....
GetFileByFileId....
phrase Added successfully.
phrase updated
Delete Phrase....
Get Phrase....]]>
  </system-out>
</testsuite> <!-- api.test.PhraseTest -->
