<?xml version="1.0" encoding="UTF-8"?>
<!-- Generated by org.testng.reporters.JUnitReportReporter -->
<testsuite hostname="DESKTOP-SR5ISP2" failures="0" tests="7" name="api.test.UploadFileTest" time="5.072" errors="0" timestamp="2024-04-11T06:33:18 IST" skipped="0">
  <testcase classname="api.test.UploadFileTest" name="testUploadfile" time="0.858">
    <system-out>
      <![CDATA[Upload File....]]>
    </system-out>
  </testcase> <!-- testUploadfile -->
  <testcase classname="api.test.UploadFileTest" name="testUploadErrorfile" time="0.717">
    <system-out>
      <![CDATA[Upload Error File....]]>
    </system-out>
  </testcase> <!-- testUploadErrorfile -->
  <testcase classname="api.test.UploadFileTest" name="Getfiles" time="0.751">
    <system-out>
      <![CDATA[Get Files....]]>
    </system-out>
  </testcase> <!-- Getfiles -->
  <testcase classname="api.test.UploadFileTest" name="Updatefile" time="0.741">
    <system-out>
      <![CDATA[Update File....]]>
    </system-out>
  </testcase> <!-- Updatefile -->
  <testcase classname="api.test.UploadFileTest" name="testErrorfilefix" time="0.723">
    <system-out>
      <![CDATA[Error File Fix....]]>
    </system-out>
  </testcase> <!-- testErrorfilefix -->
  <testcase classname="api.test.UploadFileTest" name="Deletefile" time="0.668">
    <system-out>
      <![CDATA[Delete File....]]>
    </system-out>
  </testcase> <!-- Deletefile -->
  <testcase classname="api.test.UploadFileTest" name="GetFileByFileId" time="0.614">
    <system-out>
      <![CDATA[GetFileByFileId....]]>
    </system-out>
  </testcase> <!-- GetFileByFileId -->
  <system-out>
    <![CDATA[login successfull....
Get Company Details....
Added Employee....
Added Employee....
Employee Details....
Update Employee....
Delete Employee....
Search Employee....
Team Created....
Team Created....
Team Details....
Team Updated....
Team Deleted....
Project Created....
Project Created....
Project Details....
Project Updated....
Project Deleted....
Upload File....
Upload Error File....
Get Files....
Update File....
Error File Fix....
Delete File....
GetFileByFileId....
phrase Added successfully.
phrase updated
Delete Phrase....
Get Phrase....]]>
  </system-out>
</testsuite> <!-- api.test.UploadFileTest -->
