<?xml version="1.0" encoding="UTF-8"?>
<!-- Generated by org.testng.reporters.JUnitReportReporter -->
<testsuite hostname="DESKTOP-SR5ISP2" failures="0" tests="2" name="api.test.LoginTest" time="6.499" errors="0" timestamp="2024-04-11T06:33:18 IST" skipped="0">
  <testcase classname="api.test.LoginTest" name="testLogin" time="5.581">
    <system-out>
      <![CDATA[login successfull....]]>
    </system-out>
  </testcase> <!-- testLogin -->
  <testcase classname="api.test.LoginTest" name="companyDetails" time="0.918">
    <system-out>
      <![CDATA[Get Company Details....]]>
    </system-out>
  </testcase> <!-- companyDetails -->
  <system-out>
    <![CDATA[login successfull....
Get Company Details....
Added Employee....
Added Employee....
Employee Details....
Update Employee....
Delete Employee....
Search Employee....
Team Created....
Team Created....
Team Details....
Team Updated....
Team Deleted....
Project Created....
Project Created....
Project Details....
Project Updated....
Project Deleted....
Upload File....
Upload Error File....
Get Files....
Update File....
Error File Fix....
Delete File....
GetFileByFileId....
phrase Added successfully.
phrase updated
Delete Phrase....
Get Phrase....]]>
  </system-out>
</testsuite> <!-- api.test.LoginTest -->
